"../../../../../../Users/ercan/Documents/Unreal Projects/Git/Ritimkosu/Content/Materials/M_Red.uasset" 0
"../../../../../../Users/ercan/Documents/Unreal Projects/Git/Ritimkosu/Content/Materials/MI_Red.uasset" 1
"../../../../../../Users/ercan/Documents/Unreal Projects/Git/Ritimkosu/Content/MI_Red.uasset" 2
"../../../../../../Users/ercan/Documents/Unreal Projects/Git/Ritimkosu/Content/OutlineZmbrts.uasset" 3
"../../../../../../Users/ercan/Documents/Unreal Projects/Git/Ritimkosu/Content/Materials/MI_PurpleText.uasset" 4
"../../../../../../Users/ercan/Documents/Unreal Projects/Git/Ritimkosu/Content/Materials/M_Blue.uasset" 5
"../../../../../../Users/ercan/Documents/Unreal Projects/Git/Ritimkosu/Content/Materials/M_Green.uasset" 6
"../../../../../../Users/ercan/Documents/Unreal Projects/Git/Ritimkosu/Content/Materials/M_Purple.uasset" 7
"../../../../../../Users/ercan/Documents/Unreal Projects/Git/Ritimkosu/Content/Materials/M_PurpleText.uasset" 8
"../../../../../../Users/ercan/Documents/Unreal Projects/Git/Ritimkosu/Content/Materials/M_White.uasset" 9
"../../../../../../Users/ercan/Documents/Unreal Projects/Git/Ritimkosu/Content/Materials/M_Yellow.uasset" 10
"../../../../../../Users/ercan/Documents/Unreal Projects/Git/Ritimkosu/Content/Meshes/Material.uasset" 11
"../../../../../../Users/ercan/Documents/Unreal Projects/Git/Ritimkosu/Content/Meshes/400x400x50_kutu.uasset" 12
"../../../../../../Users/ercan/Documents/Unreal Projects/Git/Ritimkosu/Content/Meshes/bilinmeyencisim.uasset" 13
"../../../../../../Users/ercan/Documents/Unreal Projects/Git/Ritimkosu/Content/Meshes/M_SM_Tilev2_M_M_SM_Tilev2_WorldGridMaterial_DC00D8684A979C402FEA719FD7E12D3D_4412F8DC47EE10461E73F8B9D42679D0.uasset" 14
"../../../../../../Users/ercan/Documents/Unreal Projects/Git/Ritimkosu/Content/Meshes/M_SM_Tilev2_WorldGridMaterial_DC00D8684A979C402FEA719FD7E12D3D.uasset" 15
"../../../../../../Users/ercan/Documents/Unreal Projects/Git/Ritimkosu/Content/Materials/MI_Green.uasset" 16
"../../../../../../Users/ercan/Documents/Unreal Projects/Git/Ritimkosu/Content/Meshes/SM_Tilev2.uasset" 17
"../../../../../../Users/ercan/Documents/Unreal Projects/Git/Ritimkosu/Content/SciFiWeapDark/FX/Textures/T_Spherical_NormalMap_01.uasset" 18
"../../../../../../Users/ercan/Documents/Unreal Projects/Git/Ritimkosu/Content/SciFiWeapDark/FX/Textures/T_Explosion_Heat_A_01.uasset" 19
"../../../../../../Users/ercan/Documents/Unreal Projects/Git/Ritimkosu/Content/SciFiWeapDark/FX/Textures/T_Explosion_Density_A_Normals_01.uasset" 20
"../../../../../../Users/ercan/Documents/Unreal Projects/Git/Ritimkosu/Content/SciFiWeapDark/FX/Textures/T_Explosion_Density_A_01.uasset" 21
"../../../../../../Users/ercan/Documents/Unreal Projects/Git/Ritimkosu/Content/SciFiWeapDark/FX/Textures/T_Explosion_8x8_Erode_01.uasset" 22
"../../../../../../Users/ercan/Documents/Unreal Projects/Git/Ritimkosu/Content/SciFiWeapDark/FX/Textures/T_Plasma_Detail_01.uasset" 23
"../../../../../../Users/ercan/Documents/Unreal Projects/Git/Ritimkosu/Content/SciFiWeapDark/FX/Materials/M_Explosion_8x8_A_01.uasset" 24
"../../../../../../Users/ercan/Documents/Unreal Projects/Git/Ritimkosu/Content/SciFiWeapDark/FX/Materials/M_Exp_A_Inst.uasset" 25
"../../../Engine/Content/Functions/Engine_MaterialFunctions02/Fresnel_Function.uasset" 26
"../../../Engine/Content/Functions/Engine_MaterialFunctions02/Fresnel.uasset" 27
"../../../../../../Users/ercan/Documents/Unreal Projects/Git/Ritimkosu/Content/SciFiWeapDark/FX/Materials/M_GlowSphere_01.uasset" 28
"../../../../../../Users/ercan/Documents/Unreal Projects/Git/Ritimkosu/Content/SciFiWeapDark/FX/Materials/M_GlowSphere_02.uasset" 29
"../../../../../../Users/ercan/Documents/Unreal Projects/Git/Ritimkosu/Content/SciFiWeapDark/FX/Vector_Fields/FGA_Turbulent_01.uasset" 30
"../../../../../../Users/ercan/Documents/Unreal Projects/Git/Ritimkosu/Content/SciFiWeapDark/FX/Materials/M_AssualtRifle_Core_01.uasset" 31
"../../../../../../Users/ercan/Documents/Unreal Projects/Git/Ritimkosu/Content/SciFiWeapDark/FX/Meshes/St_AssualtRifle_Core_01.uasset" 32
"../../../../../../Users/ercan/Documents/Unreal Projects/Git/Ritimkosu/Content/SciFiWeapDark/FX/Textures/T_Sparks_02.uasset" 33
"../../../../../../Users/ercan/Documents/Unreal Projects/Git/Ritimkosu/Content/SciFiWeapDark/FX/Textures/T_Pistol_Streaks_01.uasset" 34
"../../../../../../Users/ercan/Documents/Unreal Projects/Git/Ritimkosu/Content/SciFiWeapDark/FX/Materials/M_Pistol_Streaks_01.uasset" 35
"../../../../../../Users/ercan/Documents/Unreal Projects/Git/Ritimkosu/Content/SciFiWeapDark/FX/Materials/M_Sparks_02.uasset" 36
"../../../../../../Users/ercan/Documents/Unreal Projects/Git/Ritimkosu/Content/SciFiWeapDark/FX/Textures/T_GlowSphere_01.uasset" 37
"../../../../../../Users/ercan/Documents/Unreal Projects/Git/Ritimkosu/Content/SciFiWeapDark/FX/Materials/M_Pop_01.uasset" 38
"../../../../../../Users/ercan/Documents/Unreal Projects/Git/Ritimkosu/Content/SciFiWeapDark/FX/Textures/T_Plasma_B_01.uasset" 39
"../../../../../../Users/ercan/Documents/Unreal Projects/Git/Ritimkosu/Content/SciFiWeapDark/FX/Textures/T_Plasma_A_01.uasset" 40
"../../../../../../Users/ercan/Documents/Unreal Projects/Git/Ritimkosu/Content/SciFiWeapDark/FX/Textures/T_NoiseMask_01.uasset" 41
"../../../../../../Users/ercan/Documents/Unreal Projects/Git/Ritimkosu/Content/SciFiWeapDark/FX/Textures/T_FrameClamp.uasset" 42
"../../../../../../Users/ercan/Documents/Unreal Projects/Git/Ritimkosu/Content/SciFiWeapDark/FX/Textures/T_PlasmaMask_01.uasset" 43
"../../../../../../Users/ercan/Documents/Unreal Projects/Git/Ritimkosu/Content/SciFiWeapDark/FX/Materials/M_Plasma_01.uasset" 44
"../../../../../../Users/ercan/Documents/Unreal Projects/Git/Ritimkosu/Content/SciFiWeapDark/FX/Materials/M_Plasma_Inst_C_Light.uasset" 45
"../../../../../../Users/ercan/Documents/Unreal Projects/Git/Ritimkosu/Content/SciFiWeapDark/FX/Materials/M_Plasma_Inst_B_Light.uasset" 46
"../../../../../../Users/ercan/Documents/Unreal Projects/Git/Ritimkosu/Content/SciFiWeapDark/FX/Textures/T_DistortionCrystals_Mask_01.uasset" 47
"../../../../../../Users/ercan/Documents/Unreal Projects/Git/Ritimkosu/Content/SciFiWeapDark/FX/Textures/T_DistortionCrystals_01.uasset" 48
"../../../../../../Users/ercan/Documents/Unreal Projects/Git/Ritimkosu/Content/SciFiWeapDark/FX/Materials/M_CrystalRefraction_01.uasset" 49
"../../../../../../Users/ercan/Documents/Unreal Projects/Git/Ritimkosu/Content/SciFiWeapDark/FX/Textures/T_AssaultRifle_MuzzleFlashes_01.uasset" 50
"../../../../../../Users/ercan/Documents/Unreal Projects/Git/Ritimkosu/Content/SciFiWeapDark/FX/Materials/M_AssaultRifle_MuzzleFlash_4x1.uasset" 51
"../../../../../../Users/ercan/Documents/Unreal Projects/Git/Ritimkosu/Content/SciFiWeapDark/FX/Particles/P_AssaultRifle_MuzzleFlash_Light.uasset" 52
"../../../../../../Users/ercan/Documents/Unreal Projects/Git/Ritimkosu/Content/SciFiWeapDark/FX/Materials/M_Tracer_A.uasset" 53
"../../../../../../Users/ercan/Documents/Unreal Projects/Git/Ritimkosu/Content/SciFiWeapDark/FX/Meshes/St_Tracer_B.uasset" 54
"../../../../../../Users/ercan/Documents/Unreal Projects/Git/Ritimkosu/Content/SciFiWeapDark/FX/Textures/T_SmokeRibbon_01.uasset" 55
"../../../../../../Users/ercan/Documents/Unreal Projects/Git/Ritimkosu/Content/SciFiWeapDark/FX/Materials/M_SmokeRibbon_01.uasset" 56
"../../../../../../Users/ercan/Documents/Unreal Projects/Git/Ritimkosu/Content/SciFiWeapDark/FX/Materials/M_Plasma_Inst_F_Dark.uasset" 57
"../../../../../../Users/ercan/Documents/Unreal Projects/Git/Ritimkosu/Content/SciFiWeapDark/FX/Particles/P_AssaultRifle_Tracer_Dark.uasset" 58
"../../../../../../Users/ercan/Documents/Unreal Projects/Git/Ritimkosu/Content/SciFiWeapDark/FX/Materials/M_Plasma_Inst_F_Light.uasset" 59
"../../../../../../Users/ercan/Documents/Unreal Projects/Git/Ritimkosu/Content/SciFiWeapDark/FX/Particles/P_AssaultRifle_Tracer_Light.uasset" 60
"../../../../../../Users/ercan/Documents/Unreal Projects/Git/Ritimkosu/Content/SciFiWeapDark/FX/Textures/T_Shockwave_NormalMap_01.uasset" 61
"../../../../../../Users/ercan/Documents/Unreal Projects/Git/Ritimkosu/Content/SciFiWeapDark/FX/Materials/M_Shockwave_Refraction_01.uasset" 62
"../../../../../../Users/ercan/Documents/Unreal Projects/Git/Ritimkosu/Content/SciFiWeapDark/FX/Textures/T_RockSmall_01.uasset" 63
"../../../../../../Users/ercan/Documents/Unreal Projects/Git/Ritimkosu/Content/SciFiWeapDark/FX/Materials/M_RockSmall_01.uasset" 64
"../../../../../../Users/ercan/Documents/Unreal Projects/Git/Ritimkosu/Content/SciFiWeapDark/FX/Materials/M_Plasma_Inst_I_Dark.uasset" 65
"../../../../../../Users/ercan/Documents/Unreal Projects/Git/Ritimkosu/Content/SciFiWeapDark/FX/Textures/T_LightRay_01.uasset" 66
"../../../../../../Users/ercan/Documents/Unreal Projects/Git/Ritimkosu/Content/SciFiWeapDark/FX/Materials/M_LightRay_01.uasset" 67
"../../../../../../Users/ercan/Documents/Unreal Projects/Git/Ritimkosu/Content/SciFiWeapDark/FX/Materials/M_Exp_D_Dark_Inst.uasset" 68
"../../../../../../Users/ercan/Documents/Unreal Projects/Git/Ritimkosu/Content/SciFiWeapDark/FX/Materials/M_Exp_C_Dark_Inst.uasset" 69
"../../../../../../Users/ercan/Documents/Unreal Projects/Git/Ritimkosu/Content/SciFiWeapDark/FX/Textures/T_Ember_01.uasset" 70
"../../../../../../Users/ercan/Documents/Unreal Projects/Git/Ritimkosu/Content/SciFiWeapDark/FX/Materials/M_Ember_Speed_01.uasset" 71
"../../../../../../Users/ercan/Documents/Unreal Projects/Git/Ritimkosu/Content/SciFiWeapDark/FX/Textures/T_Debris_Tileable_01.uasset" 72
"../../../../../../Users/ercan/Documents/Unreal Projects/Git/Ritimkosu/Content/SciFiWeapDark/FX/Materials/M_Debris_Tileable_01.uasset" 73
"../../../../../../Users/ercan/Documents/Unreal Projects/Git/Ritimkosu/Content/SciFiWeapDark/FX/Particles/P_Grenade_Explosion_Dark.uasset" 74
"../../../../../../Users/ercan/Documents/Unreal Projects/Git/Ritimkosu/Content/SciFiWeapDark/FX/Materials/M_Exp_D_Light_Inst.uasset" 75
"../../../../../../Users/ercan/Documents/Unreal Projects/Git/Ritimkosu/Content/SciFiWeapDark/FX/Materials/M_Exp_C_Light_Inst.uasset" 76
"../../../../../../Users/ercan/Documents/Unreal Projects/Git/Ritimkosu/Content/SciFiWeapDark/FX/Particles/P_Grenade_Explosion_Light.uasset" 77
"../../../../../../Users/ercan/Documents/Unreal Projects/Git/Ritimkosu/Content/SciFiWeapDark/FX/Textures/T_Smoke_8x8_B_01.uasset" 78
"../../../../../../Users/ercan/Documents/Unreal Projects/Git/Ritimkosu/Content/SciFiWeapDark/FX/Materials/M_Smoke_8x8_B_01.uasset" 79
"../../../../../../Users/ercan/Documents/Unreal Projects/Git/Ritimkosu/Content/SciFiWeapDark/FX/Materials/M_Plasma_Inst_E_Light.uasset" 80
"../../../../../../Users/ercan/Documents/Unreal Projects/Git/Ritimkosu/Content/SciFiWeapDark/FX/Particles/P_Grenade_MuzzleFlash_Light.uasset" 81
"../../../../../../Users/ercan/Documents/Unreal Projects/Git/Ritimkosu/Content/SciFiWeapDark/FX/Materials/M_Smoke_Inst_A.uasset" 82
"../../../../../../Users/ercan/Documents/Unreal Projects/Git/Ritimkosu/Content/SciFiWeapDark/FX/Particles/P_Grenade_Trail_Dark.uasset" 83
"../../../../../../Users/ercan/Documents/Unreal Projects/Git/Ritimkosu/Content/SciFiWeapDark/FX/Particles/P_Grenade_Trail_Light.uasset" 84
"../../../../../../Users/ercan/Documents/Unreal Projects/Git/Ritimkosu/Content/SciFiWeapDark/FX/Textures/T_SparkImpacts_2x2_01.uasset" 85
"../../../../../../Users/ercan/Documents/Unreal Projects/Git/Ritimkosu/Content/SciFiWeapDark/FX/Materials/M_SparksImpact_2x2_01.uasset" 86
"../../../../../../Users/ercan/Documents/Unreal Projects/Git/Ritimkosu/Content/SciFiWeapDark/FX/Materials/M_Plasma_Inst_G_Light.uasset" 87
"../../../../../../Users/ercan/Documents/Unreal Projects/Git/Ritimkosu/Content/SciFiWeapDark/FX/Particles/P_Impact_Metal_Large_Light.uasset" 88
"../../../../../../Users/ercan/Documents/Unreal Projects/Git/Ritimkosu/Content/SciFiWeapDark/FX/Materials/M_Plasma_Inst_G_Dark.uasset" 89
"../../../../../../Users/ercan/Documents/Unreal Projects/Git/Ritimkosu/Content/SciFiWeapDark/FX/Particles/P_Impact_Metal_Medium_Dark.uasset" 90
"../../../../../../Users/ercan/Documents/Unreal Projects/Git/Ritimkosu/Content/SciFiWeapDark/FX/Particles/P_Impact_Metal_Medium_Light.uasset" 91
"../../../../../../Users/ercan/Documents/Unreal Projects/Git/Ritimkosu/Content/SciFiWeapDark/FX/Particles/P_Impact_Metal_Small_Dark.uasset" 92
"../../../../../../Users/ercan/Documents/Unreal Projects/Git/Ritimkosu/Content/SciFiWeapDark/FX/Particles/P_Impact_Metal_Small_Light.uasset" 93
"../../../../../../Users/ercan/Documents/Unreal Projects/Git/Ritimkosu/Content/SciFiWeapDark/FX/Textures/T_Rock_Normal_01.uasset" 94
"../../../../../../Users/ercan/Documents/Unreal Projects/Git/Ritimkosu/Content/SciFiWeapDark/FX/Materials/M_RockMesh_01.uasset" 95
"../../../../../../Users/ercan/Documents/Unreal Projects/Git/Ritimkosu/Content/SciFiWeapDark/FX/Meshes/St_Rock_01.uasset" 96
"../../../../../../Users/ercan/Documents/Unreal Projects/Git/Ritimkosu/Content/SciFiWeapDark/FX/Particles/P_Impact_Stone_Large_Dark.uasset" 97
"../../../../../../Users/ercan/Documents/Unreal Projects/Git/Ritimkosu/Content/SciFiWeapDark/FX/Particles/P_Impact_Stone_Large_Light.uasset" 98
"../../../../../../Users/ercan/Documents/Unreal Projects/Git/Ritimkosu/Content/SciFiWeapDark/FX/Particles/P_Impact_Stone_Medium_Dark.uasset" 99
"../../../../../../Users/ercan/Documents/Unreal Projects/Git/Ritimkosu/Content/SciFiWeapDark/FX/Particles/P_Impact_Stone_Medium_Light.uasset" 100
"../../../../../../Users/ercan/Documents/Unreal Projects/Git/Ritimkosu/Content/SciFiWeapDark/FX/Particles/P_Impact_Stone_Small_Dark.uasset" 101
"../../../../../../Users/ercan/Documents/Unreal Projects/Git/Ritimkosu/Content/SciFiWeapDark/FX/Particles/P_Impact_Stone_Small_Light.uasset" 102
"../../../../../../Users/ercan/Documents/Unreal Projects/Git/Ritimkosu/Content/SciFiWeapDark/FX/Textures/T_WoodChips_8x1_Normal_01.uasset" 103
"../../../../../../Users/ercan/Documents/Unreal Projects/Git/Ritimkosu/Content/SciFiWeapDark/FX/Textures/T_WoodChips_8x1_01.uasset" 104
"../../../../../../Users/ercan/Documents/Unreal Projects/Git/Ritimkosu/Content/SciFiWeapDark/FX/Materials/M_Woodchips_8x1_01.uasset" 105
"../../../../../../Users/ercan/Documents/Unreal Projects/Git/Ritimkosu/Content/SciFiWeapDark/FX/Particles/P_Impact_Wood_Large_Dark.uasset" 106
"../../../../../../Users/ercan/Documents/Unreal Projects/Git/Ritimkosu/Content/SciFiWeapDark/FX/Particles/P_Impact_Wood_Large_Light.uasset" 107
"../../../../../../Users/ercan/Documents/Unreal Projects/Git/Ritimkosu/Content/SciFiWeapDark/FX/Particles/P_Impact_Wood_Medium_Dark.uasset" 108
"../../../../../../Users/ercan/Documents/Unreal Projects/Git/Ritimkosu/Content/SciFiWeapDark/FX/Particles/P_Impact_Wood_Medium_Light.uasset" 109
"../../../../../../Users/ercan/Documents/Unreal Projects/Git/Ritimkosu/Content/SciFiWeapDark/FX/Particles/P_Impact_Wood_Small_Dark.uasset" 110
"../../../../../../Users/ercan/Documents/Unreal Projects/Git/Ritimkosu/Content/SciFiWeapDark/FX/Particles/P_Impact_Wood_Small_Light.uasset" 111
"../../../../../../Users/ercan/Documents/Unreal Projects/Git/Ritimkosu/Content/SciFiWeapDark/FX/Textures/T_NormalNoise_01.uasset" 112
"../../../../../../Users/ercan/Documents/Unreal Projects/Git/Ritimkosu/Content/SciFiWeapDark/FX/Textures/T_Knife_RibbonTrail_Norm_01.uasset" 113
"../../../../../../Users/ercan/Documents/Unreal Projects/Git/Ritimkosu/Content/SciFiWeapDark/FX/Textures/T_Knife_RibbonTrail_01.uasset" 114
"../../../../../../Users/ercan/Documents/Unreal Projects/Git/Ritimkosu/Content/SciFiWeapDark/FX/Materials/M_Knife_RibbonTrail_01.uasset" 115
"../../../../../../Users/ercan/Documents/Unreal Projects/Git/Ritimkosu/Content/SciFiWeapDark/FX/Particles/P_Knife_RibbonTrail_Dark.uasset" 116
"../../../../../../Users/ercan/Documents/Unreal Projects/Git/Ritimkosu/Content/SciFiWeapDark/FX/Particles/P_Knife_RibbonTrail_Light.uasset" 117
"../../../../../../Users/ercan/Documents/Unreal Projects/Git/Ritimkosu/Content/SciFiWeapDark/FX/Materials/M_Plasma_Inst_A_Light.uasset" 118
"../../../../../../Users/ercan/Documents/Unreal Projects/Git/Ritimkosu/Content/SciFiWeapDark/FX/Textures/T_Pistol_MuzzleFlashes_4x1_A.uasset" 119
"../../../../../../Users/ercan/Documents/Unreal Projects/Git/Ritimkosu/Content/SciFiWeapDark/FX/Materials/M_Pistol_MuzzleFlash_4x1_A.uasset" 120
"../../../../../../Users/ercan/Documents/Unreal Projects/Git/Ritimkosu/Content/SciFiWeapDark/FX/Particles/P_Pistol_MuzzleFlash_Light.uasset" 121
"../../../../../../Users/ercan/Documents/Unreal Projects/Git/Ritimkosu/Content/SciFiWeapDark/FX/Meshes/St_Tracer_A.uasset" 122
"../../../../../../Users/ercan/Documents/Unreal Projects/Git/Ritimkosu/Content/SciFiWeapDark/FX/Particles/P_Pistol_Tracer_Dark.uasset" 123
"../../../../../../Users/ercan/Documents/Unreal Projects/Git/Ritimkosu/Content/SciFiWeapDark/FX/Particles/P_Pistol_Tracer_Light.uasset" 124
"../../../../../../Users/ercan/Documents/Unreal Projects/Git/Ritimkosu/Content/SciFiWeapDark/FX/Textures/T_ShockwaveGlow_01.uasset" 125
"../../../../../../Users/ercan/Documents/Unreal Projects/Git/Ritimkosu/Content/SciFiWeapDark/FX/Materials/M_Shockwave_01.uasset" 126
"../../../../../../Users/ercan/Documents/Unreal Projects/Git/Ritimkosu/Content/SciFiWeapDark/FX/Meshes/St_Shockwave_01.uasset" 127
"../../../../../../Users/ercan/Documents/Unreal Projects/Git/Ritimkosu/Content/SciFiWeapDark/FX/Particles/P_RocketLauncher_Explosion_Dark.uasset" 128
"../../../../../../Users/ercan/Documents/Unreal Projects/Git/Ritimkosu/Content/SciFiWeapDark/FX/Particles/P_RocketLauncher_Explosion_Light.uasset" 129
"../../../../../../Users/ercan/Documents/Unreal Projects/Git/Ritimkosu/Content/SciFiWeapDark/FX/Particles/P_RocketLauncher_MuzzleFlash_Front_Light.uasset" 130
"../../../../../../Users/ercan/Documents/Unreal Projects/Git/Ritimkosu/Content/SciFiWeapDark/FX/Particles/P_RocketLauncher_MuzzleFlash_Rear_Light.uasset" 131
"../../../../../../Users/ercan/Documents/Unreal Projects/Git/Ritimkosu/Content/SciFiWeapDark/FX/Materials/M_Exp_B_Dark_Inst.uasset" 132
"../../../../../../Users/ercan/Documents/Unreal Projects/Git/Ritimkosu/Content/SciFiWeapDark/FX/Particles/P_RocketLauncher_Trail_Dark.uasset" 133
"../../../../../../Users/ercan/Documents/Unreal Projects/Git/Ritimkosu/Content/SciFiWeapDark/FX/Materials/M_Exp_B_Light_Inst.uasset" 134
"../../../../../../Users/ercan/Documents/Unreal Projects/Git/Ritimkosu/Content/SciFiWeapDark/FX/Particles/P_RocketLauncher_Trail_Light.uasset" 135
"../../../../../../Users/ercan/Documents/Unreal Projects/Git/Ritimkosu/Content/SciFiWeapDark/FX/Materials/M_Plasma_Inst_D_light.uasset" 136
"../../../../../../Users/ercan/Documents/Unreal Projects/Git/Ritimkosu/Content/SciFiWeapDark/FX/Materials/M_Ember_01.uasset" 137
"../../../../../../Users/ercan/Documents/Unreal Projects/Git/Ritimkosu/Content/SciFiWeapDark/FX/Particles/P_Shotgun_MuzzleFlash_Light.uasset" 138
"../../../../../../Users/ercan/Documents/Unreal Projects/Git/Ritimkosu/Content/SciFiWeapDark/FX/Materials/M_Tracer_B.uasset" 139
"../../../../../../Users/ercan/Documents/Unreal Projects/Git/Ritimkosu/Content/SciFiWeapDark/FX/Particles/P_Shotgun_Tracer_Dark.uasset" 140
"../../../../../../Users/ercan/Documents/Unreal Projects/Git/Ritimkosu/Content/SciFiWeapDark/FX/Particles/P_Shotgun_Tracer_Light.uasset" 141
"../../../../../../Users/ercan/Documents/Unreal Projects/Git/Ritimkosu/Content/SciFiWeapDark/FX/Particles/P_SniperRifle_MuzzleFlash_Light.uasset" 142
"../../../../../../Users/ercan/Documents/Unreal Projects/Git/Ritimkosu/Content/SciFiWeapDark/FX/Particles/P_SniperRifle_Tracer_Dark.uasset" 143
"../../../../../../Users/ercan/Documents/Unreal Projects/Git/Ritimkosu/Content/SciFiWeapDark/FX/Particles/P_SniperRifle_Tracer_Light.uasset" 144
"../../../../../../Users/ercan/Documents/Unreal Projects/Git/Ritimkosu/Content/SciFiWeapDark/FX/Textures/T_Explosion_Macro_01.uasset" 145
"../../../../../../Users/ercan/Documents/Unreal Projects/Git/Ritimkosu/Content/SciFiWeapDark/FX/Textures/T_Spark_01.uasset" 146
"../../../../../../Users/ercan/Documents/Unreal Projects/Git/Ritimkosu/Content/SciFiWeapDark/Weapons/Textures/T_Darkness_AssaultRifle_N.uasset" 147
"../../../../../../Users/ercan/Documents/Unreal Projects/Git/Ritimkosu/Content/SciFiWeapDark/Weapons/Textures/T_Darkness_AssaultRifle_Masks.uasset" 148
"../../../../../../Users/ercan/Documents/Unreal Projects/Git/Ritimkosu/Content/SciFiWeapDark/Weapons/Textures/T_Darkness_AssaultRifle_D.uasset" 149
"../../../../../../Users/ercan/Documents/Unreal Projects/Git/Ritimkosu/Content/SciFiWeapDark/Weapons/Textures/T_Darkness_AssaultRifleColor_M.uasset" 150
"../../../../../../Users/ercan/Documents/Unreal Projects/Git/Ritimkosu/Content/SciFiWeapDark/Weapons/Materials/M_WeaponMaster_Em.uasset" 151
"../../../../../../Users/ercan/Documents/Unreal Projects/Git/Ritimkosu/Content/SciFiWeapDark/Weapons/Materials/M_AssaultRifle_Inst.uasset" 152
"../../../../../../Users/ercan/Documents/Unreal Projects/Git/Ritimkosu/Content/SciFiWeapDark/Pickups/Darkness_AssaultRifle_Pickup.uasset" 153
"../../../../../../Users/ercan/Documents/Unreal Projects/Git/Ritimkosu/Content/SciFiWeapDark/Weapons/Textures/T_Darkness_GrenadeLauncherColor_M.uasset" 154
"../../../../../../Users/ercan/Documents/Unreal Projects/Git/Ritimkosu/Content/SciFiWeapDark/Weapons/Textures/T_Darkness_GrenadeLauncher_N.uasset" 155
"../../../../../../Users/ercan/Documents/Unreal Projects/Git/Ritimkosu/Content/SciFiWeapDark/Weapons/Textures/T_Darkness_GrenadeLauncher_Masks.uasset" 156
"../../../../../../Users/ercan/Documents/Unreal Projects/Git/Ritimkosu/Content/SciFiWeapDark/Weapons/Textures/T_Darkness_GrenadeLauncher_D.uasset" 157
"../../../../../../Users/ercan/Documents/Unreal Projects/Git/Ritimkosu/Content/SciFiWeapDark/Weapons/Materials/M_GrenadeLauncher_Inst.uasset" 158
"../../../../../../Users/ercan/Documents/Unreal Projects/Git/Ritimkosu/Content/SciFiWeapDark/Pickups/Darkness_GrenadeLauncher_Pickup.uasset" 159
"../../../../../../Users/ercan/Documents/Unreal Projects/Git/Ritimkosu/Content/SciFiWeapDark/Weapons/Textures/T_Darkness_Pistol_N.uasset" 160
"../../../../../../Users/ercan/Documents/Unreal Projects/Git/Ritimkosu/Content/SciFiWeapDark/Weapons/Textures/T_Darkness_pistol_Masks.uasset" 161
"../../../../../../Users/ercan/Documents/Unreal Projects/Git/Ritimkosu/Content/SciFiWeapDark/Weapons/Textures/T_Darkness_Pistol_D.uasset" 162
"../../../../../../Users/ercan/Documents/Unreal Projects/Git/Ritimkosu/Content/SciFiWeapDark/Weapons/Textures/T_Darkness_pistol_Color_M.uasset" 163
"../../../../../../Users/ercan/Documents/Unreal Projects/Git/Ritimkosu/Content/SciFiWeapDark/Weapons/Materials/M_Pistol_Inst.uasset" 164
"../../../../../../Users/ercan/Documents/Unreal Projects/Git/Ritimkosu/Content/SciFiWeapDark/Pickups/Darkness_Pistol_Pickup.uasset" 165
"../../../../../../Users/ercan/Documents/Unreal Projects/Git/Ritimkosu/Content/SciFiWeapDark/Weapons/Textures/T_Darkness_RocketLauncherColor_M.uasset" 166
"../../../../../../Users/ercan/Documents/Unreal Projects/Git/Ritimkosu/Content/SciFiWeapDark/Weapons/Textures/T_Darkness_RocketLauncher_N.uasset" 167
"../../../../../../Users/ercan/Documents/Unreal Projects/Git/Ritimkosu/Content/SciFiWeapDark/Weapons/Textures/T_Darkness_RocketLauncher_Masks.uasset" 168
"../../../../../../Users/ercan/Documents/Unreal Projects/Git/Ritimkosu/Content/SciFiWeapDark/Weapons/Textures/T_Darkness_RocketLauncher_D.uasset" 169
"../../../../../../Users/ercan/Documents/Unreal Projects/Git/Ritimkosu/Content/SciFiWeapDark/Weapons/Materials/M_RocketLauncher_Inst.uasset" 170
"../../../../../../Users/ercan/Documents/Unreal Projects/Git/Ritimkosu/Content/SciFiWeapDark/Pickups/Darkness_RocketLauncher_Pickup.uasset" 171
"../../../../../../Users/ercan/Documents/Unreal Projects/Git/Ritimkosu/Content/SciFiWeapDark/Weapons/Textures/T_Darkness_Shotgun_N.uasset" 172
"../../../../../../Users/ercan/Documents/Unreal Projects/Git/Ritimkosu/Content/SciFiWeapDark/Weapons/Textures/T_Darkness_Shotgun_Masks.uasset" 173
"../../../../../../Users/ercan/Documents/Unreal Projects/Git/Ritimkosu/Content/SciFiWeapDark/Weapons/Textures/T_Darkness_Shotgun_D.uasset" 174
"../../../../../../Users/ercan/Documents/Unreal Projects/Git/Ritimkosu/Content/SciFiWeapDark/Weapons/Textures/T_Darkness_Shotgun_ColorM.uasset" 175
"../../../../../../Users/ercan/Documents/Unreal Projects/Git/Ritimkosu/Content/SciFiWeapDark/Weapons/Materials/M_Shotgun_Inst.uasset" 176
"../../../../../../Users/ercan/Documents/Unreal Projects/Git/Ritimkosu/Content/SciFiWeapDark/Pickups/Darkness_Shotgun_Pickup.uasset" 177
"../../../../../../Users/ercan/Documents/Unreal Projects/Git/Ritimkosu/Content/SciFiWeapDark/Weapons/Textures/T_Darkness_SniperRifleColor_M.uasset" 178
"../../../../../../Users/ercan/Documents/Unreal Projects/Git/Ritimkosu/Content/SciFiWeapDark/Weapons/Textures/T_Darkness_SniperRifle_N.uasset" 179
"../../../../../../Users/ercan/Documents/Unreal Projects/Git/Ritimkosu/Content/SciFiWeapDark/Weapons/Textures/T_Darkness_SniperRifle_Masks.uasset" 180
"../../../../../../Users/ercan/Documents/Unreal Projects/Git/Ritimkosu/Content/SciFiWeapDark/Weapons/Textures/T_Darkness_SniperRifle_D.uasset" 181
"../../../../../../Users/ercan/Documents/Unreal Projects/Git/Ritimkosu/Content/SciFiWeapDark/Weapons/Materials/M_SniperRifle_Inst.uasset" 182
"../../../../../../Users/ercan/Documents/Unreal Projects/Git/Ritimkosu/Content/SciFiWeapDark/Pickups/Darkness_SniperRifle_Pickup.uasset" 183
"../../../../../../Users/ercan/Documents/Unreal Projects/Git/Ritimkosu/Content/SciFiWeapDark/Sound/Attenuation/WeaponShotClose_Att.uasset" 184
"../../../../../../Users/ercan/Documents/Unreal Projects/Git/Ritimkosu/Content/SciFiWeapDark/Sound/Attenuation/WeaponHandling_att.uasset" 185
"../../../../../../Users/ercan/Documents/Unreal Projects/Git/Ritimkosu/Content/SciFiWeapDark/Sound/GrenadeLauncher/Wavs/GrenadeLauncher_AmmoPickup.uasset" 186
"../../../../../../Users/ercan/Documents/Unreal Projects/Git/Ritimkosu/Content/SciFiWeapDark/Sound/GrenadeLauncher/GrenadeLauncher_AmmoPickup_Cue.uasset" 187
"../../../../../../Users/ercan/Documents/Unreal Projects/Git/Ritimkosu/Content/SciFiWeapDark/Sound/Attenuation/ProjectileImpact_att.uasset" 188
"../../../../../../Users/ercan/Documents/Unreal Projects/Git/Ritimkosu/Content/SciFiWeapDark/Sound/GrenadeLauncher/Wavs/GrenadeLauncher_Bounce06.uasset" 189
"../../../../../../Users/ercan/Documents/Unreal Projects/Git/Ritimkosu/Content/SciFiWeapDark/Sound/GrenadeLauncher/Wavs/GrenadeLauncher_Bounce05.uasset" 190
"../../../../../../Users/ercan/Documents/Unreal Projects/Git/Ritimkosu/Content/SciFiWeapDark/Sound/GrenadeLauncher/Wavs/GrenadeLauncher_Bounce04.uasset" 191
"../../../../../../Users/ercan/Documents/Unreal Projects/Git/Ritimkosu/Content/SciFiWeapDark/Sound/GrenadeLauncher/Wavs/GrenadeLauncher_Bounce03.uasset" 192
"../../../../../../Users/ercan/Documents/Unreal Projects/Git/Ritimkosu/Content/SciFiWeapDark/Sound/GrenadeLauncher/Wavs/GrenadeLauncher_Bounce02.uasset" 193
"../../../../../../Users/ercan/Documents/Unreal Projects/Git/Ritimkosu/Content/SciFiWeapDark/Sound/GrenadeLauncher/Wavs/GrenadeLauncher_Bounce01.uasset" 194
"../../../../../../Users/ercan/Documents/Unreal Projects/Git/Ritimkosu/Content/SciFiWeapDark/Sound/GrenadeLauncher/GrenadeLauncher_Bounce_Cue.uasset" 195
"../../../../../../Users/ercan/Documents/Unreal Projects/Git/Ritimkosu/Content/SciFiWeapDark/Sound/Attenuation/Explosion_att.uasset" 196
"../../../../../../Users/ercan/Documents/Unreal Projects/Git/Ritimkosu/Content/SciFiWeapDark/Sound/GrenadeLauncher/Wavs/GrenadeLauncher_Explosion05.uasset" 197
"../../../../../../Users/ercan/Documents/Unreal Projects/Git/Ritimkosu/Content/SciFiWeapDark/Sound/GrenadeLauncher/Wavs/GrenadeLauncher_Explosion04.uasset" 198
"../../../../../../Users/ercan/Documents/Unreal Projects/Git/Ritimkosu/Content/SciFiWeapDark/Sound/GrenadeLauncher/Wavs/GrenadeLauncher_Explosion03.uasset" 199
"../../../../../../Users/ercan/Documents/Unreal Projects/Git/Ritimkosu/Content/SciFiWeapDark/Sound/GrenadeLauncher/Wavs/GrenadeLauncher_Explosion02.uasset" 200
"../../../../../../Users/ercan/Documents/Unreal Projects/Git/Ritimkosu/Content/SciFiWeapDark/Sound/GrenadeLauncher/Wavs/GrenadeLauncher_Explosion01.uasset" 201
"../../../../../../Users/ercan/Documents/Unreal Projects/Git/Ritimkosu/Content/SciFiWeapDark/Sound/GrenadeLauncher/GrenadeLauncher_Explosion_Cue.uasset" 202
"../../../../../../Users/ercan/Documents/Unreal Projects/Git/Ritimkosu/Content/SciFiWeapDark/Sound/GrenadeLauncher/Wavs/GrenadeLauncher_Lower.uasset" 203
"../../../../../../Users/ercan/Documents/Unreal Projects/Git/Ritimkosu/Content/SciFiWeapDark/Sound/GrenadeLauncher/GrenadeLauncher_Lower_Cue.uasset" 204
"../../../../../../Users/ercan/Documents/Unreal Projects/Git/Ritimkosu/Content/SciFiWeapDark/Sound/GrenadeLauncher/Wavs/GrenadeLauncher_Raise.uasset" 205
"../../../../../../Users/ercan/Documents/Unreal Projects/Git/Ritimkosu/Content/SciFiWeapDark/Sound/GrenadeLauncher/GrenadeLauncher_Raise_Cue.uasset" 206
"../../../../../../Users/ercan/Documents/Unreal Projects/Git/Ritimkosu/Content/SciFiWeapDark/Sound/Knife/Wavs/KnifeA_Swing05.uasset" 207
"../../../../../../Users/ercan/Documents/Unreal Projects/Git/Ritimkosu/Content/SciFiWeapDark/Sound/Knife/Wavs/KnifeA_Swing04.uasset" 208
"../../../../../../Users/ercan/Documents/Unreal Projects/Git/Ritimkosu/Content/SciFiWeapDark/Sound/Knife/Wavs/KnifeA_Swing03.uasset" 209
"../../../../../../Users/ercan/Documents/Unreal Projects/Git/Ritimkosu/Content/SciFiWeapDark/Sound/Knife/Wavs/KnifeA_Swing02.uasset" 210
"../../../../../../Users/ercan/Documents/Unreal Projects/Git/Ritimkosu/Content/SciFiWeapDark/Sound/Knife/Wavs/KnifeA_Swing01.uasset" 211
"../../../../../../Users/ercan/Documents/Unreal Projects/Git/Ritimkosu/Content/SciFiWeapDark/Sound/Knife/KnifeA_Swing_Cue.uasset" 212
"../../../../../../Users/ercan/Documents/Unreal Projects/Git/Ritimkosu/Content/SciFiWeapDark/Sound/Knife/Wavs/Knife_ImpactBody03.uasset" 213
"../../../../../../Users/ercan/Documents/Unreal Projects/Git/Ritimkosu/Content/SciFiWeapDark/Sound/Knife/Wavs/Knife_ImpactBody02.uasset" 214
"../../../../../../Users/ercan/Documents/Unreal Projects/Git/Ritimkosu/Content/SciFiWeapDark/Sound/Knife/Wavs/Knife_ImpactBody01.uasset" 215
"../../../../../../Users/ercan/Documents/Unreal Projects/Git/Ritimkosu/Content/SciFiWeapDark/Sound/Knife/Knife_ImpactBody_Cue.uasset" 216
"../../../../../../Users/ercan/Documents/Unreal Projects/Git/Ritimkosu/Content/SciFiWeapDark/Sound/Knife/Wavs/Knife_ImpactSurface03.uasset" 217
"../../../../../../Users/ercan/Documents/Unreal Projects/Git/Ritimkosu/Content/SciFiWeapDark/Sound/Knife/Wavs/Knife_ImpactSurface02.uasset" 218
"../../../../../../Users/ercan/Documents/Unreal Projects/Git/Ritimkosu/Content/SciFiWeapDark/Sound/Knife/Wavs/Knife_ImpactSurface01.uasset" 219
"../../../../../../Users/ercan/Documents/Unreal Projects/Git/Ritimkosu/Content/SciFiWeapDark/Sound/Knife/Knife_ImpactSurface_Cue.uasset" 220
"../../../../../../Users/ercan/Documents/Unreal Projects/Git/Ritimkosu/Content/SciFiWeapDark/Sound/Knife/Wavs/Knife_Lower.uasset" 221
"../../../../../../Users/ercan/Documents/Unreal Projects/Git/Ritimkosu/Content/SciFiWeapDark/Sound/Knife/Knife_Lower_Cue.uasset" 222
"../../../../../../Users/ercan/Documents/Unreal Projects/Git/Ritimkosu/Content/SciFiWeapDark/Sound/Knife/Wavs/Knife_Raise.uasset" 223
"../../../../../../Users/ercan/Documents/Unreal Projects/Git/Ritimkosu/Content/SciFiWeapDark/Sound/Knife/Knife_Raise_Cue.uasset" 224
"../../../../../../Users/ercan/Documents/Unreal Projects/Git/Ritimkosu/Content/SciFiWeapDark/Sound/Pistol/Wavs/Pistol_AmmoPickup02.uasset" 225
"../../../../../../Users/ercan/Documents/Unreal Projects/Git/Ritimkosu/Content/SciFiWeapDark/Sound/Pistol/Wavs/Pistol_AmmoPickup01.uasset" 226
"../../../../../../Users/ercan/Documents/Unreal Projects/Git/Ritimkosu/Content/SciFiWeapDark/Sound/Pistol/Pistol_AmmoPickup_Cue.uasset" 227
"../../../../../../Users/ercan/Documents/Unreal Projects/Git/Ritimkosu/Content/SciFiWeapDark/Sound/Pistol/Wavs/Pistol_Lower.uasset" 228
"../../../../../../Users/ercan/Documents/Unreal Projects/Git/Ritimkosu/Content/SciFiWeapDark/Sound/Pistol/Pistol_Lower_Cue.uasset" 229
"../../../../../../Users/ercan/Documents/Unreal Projects/Git/Ritimkosu/Content/SciFiWeapDark/Sound/Pistol/Wavs/Pistol_Raise.uasset" 230
"../../../../../../Users/ercan/Documents/Unreal Projects/Git/Ritimkosu/Content/SciFiWeapDark/Sound/Pistol/Pistol_Raise_Cue.uasset" 231
"../../../../../../Users/ercan/Documents/Unreal Projects/Git/Ritimkosu/Content/SciFiWeapDark/Sound/Pistol/Wavs/Pistol_Whip05.uasset" 232
"../../../../../../Users/ercan/Documents/Unreal Projects/Git/Ritimkosu/Content/SciFiWeapDark/Sound/Pistol/Wavs/Pistol_Whip04.uasset" 233
"../../../../../../Users/ercan/Documents/Unreal Projects/Git/Ritimkosu/Content/SciFiWeapDark/Sound/Pistol/Wavs/Pistol_Whip03.uasset" 234
"../../../../../../Users/ercan/Documents/Unreal Projects/Git/Ritimkosu/Content/SciFiWeapDark/Sound/Pistol/Wavs/Pistol_Whip02.uasset" 235
"../../../../../../Users/ercan/Documents/Unreal Projects/Git/Ritimkosu/Content/SciFiWeapDark/Sound/Pistol/Wavs/Pistol_Whip01.uasset" 236
"../../../../../../Users/ercan/Documents/Unreal Projects/Git/Ritimkosu/Content/SciFiWeapDark/Sound/Pistol/Pistol_Whip_Cue.uasset" 237
"../../../../../../Users/ercan/Documents/Unreal Projects/Git/Ritimkosu/Content/SciFiWeapDark/Sound/Pistol/Wavs/Pistol_Reload01.uasset" 238
"../../../../../../Users/ercan/Documents/Unreal Projects/Git/Ritimkosu/Content/SciFiWeapDark/Sound/Pistol/Wavs/Pistol_Reload02.uasset" 239
"../../../../../../Users/ercan/Documents/Unreal Projects/Git/Ritimkosu/Content/SciFiWeapDark/Sound/Pistol/Wavs/Pistol_Reload03.uasset" 240
"../../../../../../Users/ercan/Documents/Unreal Projects/Git/Ritimkosu/Content/SciFiWeapDark/Sound/Rifle/Wavs/RifleA_FireEnd_Dist03.uasset" 241
"../../../../../../Users/ercan/Documents/Unreal Projects/Git/Ritimkosu/Content/SciFiWeapDark/Sound/Rifle/Wavs/RifleA_FireEnd_Dist02.uasset" 242
"../../../../../../Users/ercan/Documents/Unreal Projects/Git/Ritimkosu/Content/SciFiWeapDark/Sound/Rifle/Wavs/RifleA_FireEnd_Dist01.uasset" 243
"../../../../../../Users/ercan/Documents/Unreal Projects/Git/Ritimkosu/Content/SciFiWeapDark/Sound/Rifle/Wavs/RifleA_FireEnd03.uasset" 244
"../../../../../../Users/ercan/Documents/Unreal Projects/Git/Ritimkosu/Content/SciFiWeapDark/Sound/Rifle/Wavs/RifleA_FireEnd02.uasset" 245
"../../../../../../Users/ercan/Documents/Unreal Projects/Git/Ritimkosu/Content/SciFiWeapDark/Sound/Rifle/Wavs/RifleA_FireEnd01.uasset" 246
"../../../../../../Users/ercan/Documents/Unreal Projects/Git/Ritimkosu/Content/SciFiWeapDark/Sound/Attenuation/WeaponShot_att.uasset" 247
"../../../../../../Users/ercan/Documents/Unreal Projects/Git/Ritimkosu/Content/SciFiWeapDark/Sound/Rifle/RifleA_FireEnd_Cue.uasset" 248
"../../../../../../Users/ercan/Documents/Unreal Projects/Git/Ritimkosu/Content/SciFiWeapDark/Sound/Rifle/Wavs/RifleA_FireLoop_Dist03.uasset" 249
"../../../../../../Users/ercan/Documents/Unreal Projects/Git/Ritimkosu/Content/SciFiWeapDark/Sound/Rifle/Wavs/RifleA_FireLoop_Dist02.uasset" 250
"../../../../../../Users/ercan/Documents/Unreal Projects/Git/Ritimkosu/Content/SciFiWeapDark/Sound/Rifle/Wavs/RifleA_FireLoop_Dist01.uasset" 251
"../../../../../../Users/ercan/Documents/Unreal Projects/Git/Ritimkosu/Content/SciFiWeapDark/Sound/Rifle/Wavs/RifleA_FireLoop03.uasset" 252
"../../../../../../Users/ercan/Documents/Unreal Projects/Git/Ritimkosu/Content/SciFiWeapDark/Sound/Rifle/Wavs/RifleA_FireLoop02.uasset" 253
"../../../../../../Users/ercan/Documents/Unreal Projects/Git/Ritimkosu/Content/SciFiWeapDark/Sound/Rifle/Wavs/RifleA_FireLoop01.uasset" 254
"../../../../../../Users/ercan/Documents/Unreal Projects/Git/Ritimkosu/Content/SciFiWeapDark/Sound/Rifle/RifleA_FireLoop_Cue.uasset" 255
"../../../../../../Users/ercan/Documents/Unreal Projects/Git/Ritimkosu/Content/SciFiWeapDark/Sound/Rifle/Wavs/Rifle_AmmoPickup.uasset" 256
"../../../../../../Users/ercan/Documents/Unreal Projects/Git/Ritimkosu/Content/SciFiWeapDark/Sound/Rifle/Rifle_AmmoPickup_Cue.uasset" 257
"../../../../../../Users/ercan/Documents/Unreal Projects/Git/Ritimkosu/Content/SciFiWeapDark/Sound/Rifle/Wavs/Rifle_ImpactBody06.uasset" 258
"../../../../../../Users/ercan/Documents/Unreal Projects/Git/Ritimkosu/Content/SciFiWeapDark/Sound/Rifle/Wavs/Rifle_ImpactBody05.uasset" 259
"../../../../../../Users/ercan/Documents/Unreal Projects/Git/Ritimkosu/Content/SciFiWeapDark/Sound/Rifle/Wavs/Rifle_ImpactBody04.uasset" 260
"../../../../../../Users/ercan/Documents/Unreal Projects/Git/Ritimkosu/Content/SciFiWeapDark/Sound/Rifle/Wavs/Rifle_ImpactBody03.uasset" 261
"../../../../../../Users/ercan/Documents/Unreal Projects/Git/Ritimkosu/Content/SciFiWeapDark/Sound/Rifle/Wavs/Rifle_ImpactBody02.uasset" 262
"../../../../../../Users/ercan/Documents/Unreal Projects/Git/Ritimkosu/Content/SciFiWeapDark/Sound/Rifle/Wavs/Rifle_ImpactBody01.uasset" 263
"../../../../../../Users/ercan/Documents/Unreal Projects/Git/Ritimkosu/Content/SciFiWeapDark/Sound/Rifle/Rifle_ImpactBody_Cue.uasset" 264
"../../../../../../Users/ercan/Documents/Unreal Projects/Git/Ritimkosu/Content/SciFiWeapDark/Sound/Rifle/Wavs/Rifle_ImpactSurface06.uasset" 265
"../../../../../../Users/ercan/Documents/Unreal Projects/Git/Ritimkosu/Content/SciFiWeapDark/Sound/Rifle/Wavs/Rifle_ImpactSurface05.uasset" 266
"../../../../../../Users/ercan/Documents/Unreal Projects/Git/Ritimkosu/Content/SciFiWeapDark/Sound/Rifle/Wavs/Rifle_ImpactSurface04.uasset" 267
"../../../../../../Users/ercan/Documents/Unreal Projects/Git/Ritimkosu/Content/SciFiWeapDark/Sound/Rifle/Wavs/Rifle_ImpactSurface03.uasset" 268
"../../../../../../Users/ercan/Documents/Unreal Projects/Git/Ritimkosu/Content/SciFiWeapDark/Sound/Rifle/Wavs/Rifle_ImpactSurface02.uasset" 269
"../../../../../../Users/ercan/Documents/Unreal Projects/Git/Ritimkosu/Content/SciFiWeapDark/Sound/Rifle/Wavs/Rifle_ImpactSurface01.uasset" 270
"../../../../../../Users/ercan/Documents/Unreal Projects/Git/Ritimkosu/Content/SciFiWeapDark/Sound/Rifle/Rifle_ImpactSurface_Cue.uasset" 271
"../../../../../../Users/ercan/Documents/Unreal Projects/Git/Ritimkosu/Content/SciFiWeapDark/Sound/Rifle/Wavs/Rifle_Lower.uasset" 272
"../../../../../../Users/ercan/Documents/Unreal Projects/Git/Ritimkosu/Content/SciFiWeapDark/Sound/Rifle/Rifle_Lower_Cue.uasset" 273
"../../../../../../Users/ercan/Documents/Unreal Projects/Git/Ritimkosu/Content/SciFiWeapDark/Sound/Rifle/Wavs/Rifle_Raise.uasset" 274
"../../../../../../Users/ercan/Documents/Unreal Projects/Git/Ritimkosu/Content/SciFiWeapDark/Sound/Rifle/Rifle_Raise_Cue.uasset" 275
"../../../../../../Users/ercan/Documents/Unreal Projects/Git/Ritimkosu/Content/SciFiWeapDark/Sound/Rifle/Wavs/Rifle_Whip05.uasset" 276
"../../../../../../Users/ercan/Documents/Unreal Projects/Git/Ritimkosu/Content/SciFiWeapDark/Sound/Rifle/Wavs/Rifle_Whip04.uasset" 277
"../../../../../../Users/ercan/Documents/Unreal Projects/Git/Ritimkosu/Content/SciFiWeapDark/Sound/Rifle/Wavs/Rifle_Whip03.uasset" 278
"../../../../../../Users/ercan/Documents/Unreal Projects/Git/Ritimkosu/Content/SciFiWeapDark/Sound/Rifle/Wavs/Rifle_Whip02.uasset" 279
"../../../../../../Users/ercan/Documents/Unreal Projects/Git/Ritimkosu/Content/SciFiWeapDark/Sound/Rifle/Wavs/Rifle_Whip01.uasset" 280
"../../../../../../Users/ercan/Documents/Unreal Projects/Git/Ritimkosu/Content/SciFiWeapDark/Sound/Rifle/Rifle_Whip_Cue.uasset" 281
"../../../../../../Users/ercan/Documents/Unreal Projects/Git/Ritimkosu/Content/SciFiWeapDark/Sound/RocketLauncher/Wavs/RocketLauncher_AmmoPickup.uasset" 282
"../../../../../../Users/ercan/Documents/Unreal Projects/Git/Ritimkosu/Content/SciFiWeapDark/Sound/RocketLauncher/RocketLauncher_AmmoPickup_Cue.uasset" 283
"../../../../../../Users/ercan/Documents/Unreal Projects/Git/Ritimkosu/Content/SciFiWeapDark/Sound/RocketLauncher/Wavs/RocketLauncher_Explosion05.uasset" 284
"../../../../../../Users/ercan/Documents/Unreal Projects/Git/Ritimkosu/Content/SciFiWeapDark/Sound/RocketLauncher/Wavs/RocketLauncher_Explosion04.uasset" 285
"../../../../../../Users/ercan/Documents/Unreal Projects/Git/Ritimkosu/Content/SciFiWeapDark/Sound/RocketLauncher/Wavs/RocketLauncher_Explosion03.uasset" 286
"../../../../../../Users/ercan/Documents/Unreal Projects/Git/Ritimkosu/Content/SciFiWeapDark/Sound/RocketLauncher/Wavs/RocketLauncher_Explosion02.uasset" 287
"../../../../../../Users/ercan/Documents/Unreal Projects/Git/Ritimkosu/Content/SciFiWeapDark/Sound/RocketLauncher/Wavs/RocketLauncher_Explosion01.uasset" 288
"../../../../../../Users/ercan/Documents/Unreal Projects/Git/Ritimkosu/Content/SciFiWeapDark/Sound/RocketLauncher/RocketLauncher_Explosion_Cue.uasset" 289
"../../../../../../Users/ercan/Documents/Unreal Projects/Git/Ritimkosu/Content/SciFiWeapDark/Sound/RocketLauncher/Wavs/RocketLauncher_InAirLoop.uasset" 290
"../../../../../../Users/ercan/Documents/Unreal Projects/Git/Ritimkosu/Content/SciFiWeapDark/Sound/Attenuation/RocketLoop_att.uasset" 291
"../../../../../../Users/ercan/Documents/Unreal Projects/Git/Ritimkosu/Content/SciFiWeapDark/Sound/RocketLauncher/RocketLauncher_InAirLoop_Cue.uasset" 292
"../../../../../../Users/ercan/Documents/Unreal Projects/Git/Ritimkosu/Content/SciFiWeapDark/Sound/RocketLauncher/Wavs/RocketLauncher_Lower.uasset" 293
"../../../../../../Users/ercan/Documents/Unreal Projects/Git/Ritimkosu/Content/SciFiWeapDark/Sound/RocketLauncher/RocketLauncher_Lower_Cue.uasset" 294
"../../../../../../Users/ercan/Documents/Unreal Projects/Git/Ritimkosu/Content/SciFiWeapDark/Sound/RocketLauncher/Wavs/RocketLauncher_Raise.uasset" 295
"../../../../../../Users/ercan/Documents/Unreal Projects/Git/Ritimkosu/Content/SciFiWeapDark/Sound/RocketLauncher/RocketLauncher_Raise_Cue.uasset" 296
"../../../../../../Users/ercan/Documents/Unreal Projects/Git/Ritimkosu/Content/SciFiWeapDark/Sound/RocketLauncher/RocketLauncher_ReloadDetach_Cue.uasset" 297
"../../../../../../Users/ercan/Documents/Unreal Projects/Git/Ritimkosu/Content/SciFiWeapDark/Sound/RocketLauncher/Wavs/RocketLauncher_Reload03.uasset" 298
"../../../../../../Users/ercan/Documents/Unreal Projects/Git/Ritimkosu/Content/SciFiWeapDark/Sound/RocketLauncher/Wavs/RocketLauncher_Reload02.uasset" 299
"../../../../../../Users/ercan/Documents/Unreal Projects/Git/Ritimkosu/Content/SciFiWeapDark/Sound/RocketLauncher/Wavs/RocketLauncher_Reload01.uasset" 300
"../../../../../../Users/ercan/Documents/Unreal Projects/Git/Ritimkosu/Content/SciFiWeapDark/Sound/RocketLauncher/RocketLauncher_Reload_Cue.uasset" 301
"../../../../../../Users/ercan/Documents/Unreal Projects/Git/Ritimkosu/Content/SciFiWeapDark/Sound/Shotgun/Wavs/Shotgun_AmmoPickup.uasset" 302
"../../../../../../Users/ercan/Documents/Unreal Projects/Git/Ritimkosu/Content/SciFiWeapDark/Sound/Shotgun/Shotgun_AmmoPickup_Cue.uasset" 303
"../../../../../../Users/ercan/Documents/Unreal Projects/Git/Ritimkosu/Content/SciFiWeapDark/Sound/Shotgun/Wavs/Shotgun_ImpactBody03.uasset" 304
"../../../../../../Users/ercan/Documents/Unreal Projects/Git/Ritimkosu/Content/SciFiWeapDark/Sound/Shotgun/Wavs/Shotgun_ImpactBody02.uasset" 305
"../../../../../../Users/ercan/Documents/Unreal Projects/Git/Ritimkosu/Content/SciFiWeapDark/Sound/Shotgun/Wavs/Shotgun_ImpactBody01.uasset" 306
"../../../../../../Users/ercan/Documents/Unreal Projects/Git/Ritimkosu/Content/SciFiWeapDark/Sound/Shotgun/Shotgun_ImpactBody_Cue.uasset" 307
"../../../../../../Users/ercan/Documents/Unreal Projects/Git/Ritimkosu/Content/SciFiWeapDark/Sound/Shotgun/Wavs/Shotgun_ImpactSurface04.uasset" 308
"../../../../../../Users/ercan/Documents/Unreal Projects/Git/Ritimkosu/Content/SciFiWeapDark/Sound/Shotgun/Wavs/Shotgun_ImpactSurface03.uasset" 309
"../../../../../../Users/ercan/Documents/Unreal Projects/Git/Ritimkosu/Content/SciFiWeapDark/Sound/Shotgun/Wavs/Shotgun_ImpactSurface02.uasset" 310
"../../../../../../Users/ercan/Documents/Unreal Projects/Git/Ritimkosu/Content/SciFiWeapDark/Sound/Shotgun/Wavs/Shotgun_ImpactSurface01.uasset" 311
"../../../../../../Users/ercan/Documents/Unreal Projects/Git/Ritimkosu/Content/SciFiWeapDark/Sound/Shotgun/Shotgun_ImpactSurface_Cue.uasset" 312
"../../../../../../Users/ercan/Documents/Unreal Projects/Git/Ritimkosu/Content/SciFiWeapDark/Sound/Shotgun/Wavs/Shotgun_Lower.uasset" 313
"../../../../../../Users/ercan/Documents/Unreal Projects/Git/Ritimkosu/Content/SciFiWeapDark/Sound/Shotgun/Shotgun_Lower_Cue.uasset" 314
"../../../../../../Users/ercan/Documents/Unreal Projects/Git/Ritimkosu/Content/SciFiWeapDark/Sound/Shotgun/Wavs/Shotgun_Raise.uasset" 315
"../../../../../../Users/ercan/Documents/Unreal Projects/Git/Ritimkosu/Content/SciFiWeapDark/Sound/Shotgun/Shotgun_Raise_Cue.uasset" 316
"../../../../../../Users/ercan/Documents/Unreal Projects/Git/Ritimkosu/Content/SciFiWeapDark/Sound/SniperRifle/Wavs/SniperRifle_AmmoPickup.uasset" 317
"../../../../../../Users/ercan/Documents/Unreal Projects/Git/Ritimkosu/Content/SciFiWeapDark/Sound/SniperRifle/SniperRifle_AmmoPickup_Cue.uasset" 318
"../../../../../../Users/ercan/Documents/Unreal Projects/Git/Ritimkosu/Content/SciFiWeapDark/Sound/SniperRifle/Wavs/SniperRifle_ImpactBody04.uasset" 319
"../../../../../../Users/ercan/Documents/Unreal Projects/Git/Ritimkosu/Content/SciFiWeapDark/Sound/SniperRifle/Wavs/SniperRifle_ImpactBody03.uasset" 320
"../../../../../../Users/ercan/Documents/Unreal Projects/Git/Ritimkosu/Content/SciFiWeapDark/Sound/SniperRifle/Wavs/SniperRifle_ImpactBody02.uasset" 321
"../../../../../../Users/ercan/Documents/Unreal Projects/Git/Ritimkosu/Content/SciFiWeapDark/Sound/SniperRifle/Wavs/SniperRifle_ImpactBody01.uasset" 322
"../../../../../../Users/ercan/Documents/Unreal Projects/Git/Ritimkosu/Content/SciFiWeapDark/Sound/SniperRifle/SniperRifle_ImpactBody_Cue.uasset" 323
"../../../../../../Users/ercan/Documents/Unreal Projects/Git/Ritimkosu/Content/SciFiWeapDark/Sound/SniperRifle/Wavs/SniperRifle_ImpactSurface03.uasset" 324
"../../../../../../Users/ercan/Documents/Unreal Projects/Git/Ritimkosu/Content/SciFiWeapDark/Sound/SniperRifle/Wavs/SniperRifle_ImpactSurface02.uasset" 325
"../../../../../../Users/ercan/Documents/Unreal Projects/Git/Ritimkosu/Content/SciFiWeapDark/Sound/SniperRifle/Wavs/SniperRifle_ImpactSurface01.uasset" 326
"../../../../../../Users/ercan/Documents/Unreal Projects/Git/Ritimkosu/Content/SciFiWeapDark/Sound/SniperRifle/Wavs/SniperRifle_ImpactSurface04.uasset" 327
"../../../../../../Users/ercan/Documents/Unreal Projects/Git/Ritimkosu/Content/SciFiWeapDark/Sound/SniperRifle/SniperRifle_ImpactSurface_Cue.uasset" 328
"../../../../../../Users/ercan/Documents/Unreal Projects/Git/Ritimkosu/Content/SciFiWeapDark/Sound/SniperRifle/Wavs/SniperRifle_Lower.uasset" 329
"../../../../../../Users/ercan/Documents/Unreal Projects/Git/Ritimkosu/Content/SciFiWeapDark/Sound/SniperRifle/SniperRifle_Lower_Cue.uasset" 330
"../../../../../../Users/ercan/Documents/Unreal Projects/Git/Ritimkosu/Content/SciFiWeapDark/Sound/SniperRifle/Wavs/SniperRifle_Raise.uasset" 331
"../../../../../../Users/ercan/Documents/Unreal Projects/Git/Ritimkosu/Content/SciFiWeapDark/Sound/SniperRifle/SniperRifle_Raise_Cue.uasset" 332
"../../../../../../Users/ercan/Documents/Unreal Projects/Git/Ritimkosu/Content/SciFiWeapDark/Sound/SniperRifle/Wavs/SniperRifle_ZoomIn.uasset" 333
"../../../../../../Users/ercan/Documents/Unreal Projects/Git/Ritimkosu/Content/SciFiWeapDark/Sound/SniperRifle/SniperRifle_ZoomIn_Cue.uasset" 334
"../../../../../../Users/ercan/Documents/Unreal Projects/Git/Ritimkosu/Content/SciFiWeapDark/Sound/SniperRifle/Wavs/SniperRifle_ZoomOut.uasset" 335
"../../../../../../Users/ercan/Documents/Unreal Projects/Git/Ritimkosu/Content/SciFiWeapDark/Sound/SniperRifle/SniperRifle_ZoomOut_Cue.uasset" 336
"../../../../../../Users/ercan/Documents/Unreal Projects/Git/Ritimkosu/Content/SciFiWeapDark/Weapons/Darkness_Kinfe_Skeleton.uasset" 337
"../../../../../../Users/ercan/Documents/Unreal Projects/Git/Ritimkosu/Content/SciFiWeapDark/Weapons/Darkness_GrenadeLauncher_Skeleton.uasset" 338
"../../../../../../Users/ercan/Documents/Unreal Projects/Git/Ritimkosu/Content/SciFiWeapDark/Sound/GrenadeLauncher/Wavs/GrenadeLauncherA_Fire_Dist04.uasset" 339
"../../../../../../Users/ercan/Documents/Unreal Projects/Git/Ritimkosu/Content/SciFiWeapDark/Sound/GrenadeLauncher/Wavs/GrenadeLauncherA_Fire_Dist03.uasset" 340
"../../../../../../Users/ercan/Documents/Unreal Projects/Git/Ritimkosu/Content/SciFiWeapDark/Sound/GrenadeLauncher/Wavs/GrenadeLauncherA_Fire_Dist02.uasset" 341
"../../../../../../Users/ercan/Documents/Unreal Projects/Git/Ritimkosu/Content/SciFiWeapDark/Sound/GrenadeLauncher/Wavs/GrenadeLauncherA_Fire_Dist01.uasset" 342
"../../../../../../Users/ercan/Documents/Unreal Projects/Git/Ritimkosu/Content/SciFiWeapDark/Sound/GrenadeLauncher/Wavs/GrenadeLauncherA_Fire04.uasset" 343
"../../../../../../Users/ercan/Documents/Unreal Projects/Git/Ritimkosu/Content/SciFiWeapDark/Sound/GrenadeLauncher/Wavs/GrenadeLauncherA_Fire03.uasset" 344
"../../../../../../Users/ercan/Documents/Unreal Projects/Git/Ritimkosu/Content/SciFiWeapDark/Sound/GrenadeLauncher/Wavs/GrenadeLauncherA_Fire02.uasset" 345
"../../../../../../Users/ercan/Documents/Unreal Projects/Git/Ritimkosu/Content/SciFiWeapDark/Sound/GrenadeLauncher/Wavs/GrenadeLauncherA_Fire01.uasset" 346
"../../../../../../Users/ercan/Documents/Unreal Projects/Git/Ritimkosu/Content/SciFiWeapDark/Sound/GrenadeLauncher/GrenadeLauncherA_Fire_Cue.uasset" 347
"../../../../../../Users/ercan/Documents/Unreal Projects/Git/Ritimkosu/Content/SciFiWeapDark/FX/Materials/M_Plasma_Inst_E_Dark.uasset" 348
"../../../../../../Users/ercan/Documents/Unreal Projects/Git/Ritimkosu/Content/SciFiWeapDark/FX/Materials/M_Plasma_Inst_C_Dark.uasset" 349
"../../../../../../Users/ercan/Documents/Unreal Projects/Git/Ritimkosu/Content/SciFiWeapDark/FX/Particles/P_Grenade_MuzzleFlash_Dark.uasset" 350
"../../../../../../Users/ercan/Documents/Unreal Projects/Git/Ritimkosu/Content/SciFiWeapDark/Weapons/Anims/Fire_GrenadeLauncher_W.uasset" 351
"../../../../../../Users/ercan/Documents/Unreal Projects/Git/Ritimkosu/Content/SciFiWeapDark/Weapons/Darkness_Pistol_Skeleton.uasset" 352
"../../../../../../Users/ercan/Documents/Unreal Projects/Git/Ritimkosu/Content/SciFiWeapDark/FX/Materials/M_Plasma_Inst_A_Dark.uasset" 353
"../../../../../../Users/ercan/Documents/Unreal Projects/Git/Ritimkosu/Content/SciFiWeapDark/FX/Particles/P_Pistol_MuzzleFlash_Dark.uasset" 354
"../../../../../../Users/ercan/Documents/Unreal Projects/Git/Ritimkosu/Content/SciFiWeapDark/Sound/Pistol/Wavs/PistolA_Fire_Dist06.uasset" 355
"../../../../../../Users/ercan/Documents/Unreal Projects/Git/Ritimkosu/Content/SciFiWeapDark/Sound/Pistol/Wavs/PistolA_Fire_Dist04.uasset" 356
"../../../../../../Users/ercan/Documents/Unreal Projects/Git/Ritimkosu/Content/SciFiWeapDark/Sound/Pistol/Wavs/PistolA_Fire_Dist03.uasset" 357
"../../../../../../Users/ercan/Documents/Unreal Projects/Git/Ritimkosu/Content/SciFiWeapDark/Sound/Pistol/Wavs/PistolA_Fire_Dist02.uasset" 358
"../../../../../../Users/ercan/Documents/Unreal Projects/Git/Ritimkosu/Content/SciFiWeapDark/Sound/Pistol/Wavs/PistolA_Fire_Dist01.uasset" 359
"../../../../../../Users/ercan/Documents/Unreal Projects/Git/Ritimkosu/Content/SciFiWeapDark/Sound/Pistol/Wavs/PistolA_Fire06.uasset" 360
"../../../../../../Users/ercan/Documents/Unreal Projects/Git/Ritimkosu/Content/SciFiWeapDark/Sound/Pistol/Wavs/PistolA_Fire05.uasset" 361
"../../../../../../Users/ercan/Documents/Unreal Projects/Git/Ritimkosu/Content/SciFiWeapDark/Sound/Pistol/Wavs/PistolA_Fire04.uasset" 362
"../../../../../../Users/ercan/Documents/Unreal Projects/Git/Ritimkosu/Content/SciFiWeapDark/Sound/Pistol/Wavs/PistolA_Fire03.uasset" 363
"../../../../../../Users/ercan/Documents/Unreal Projects/Git/Ritimkosu/Content/SciFiWeapDark/Sound/Pistol/Wavs/PistolA_Fire02.uasset" 364
"../../../../../../Users/ercan/Documents/Unreal Projects/Git/Ritimkosu/Content/SciFiWeapDark/Sound/Pistol/Wavs/PistolA_Fire01.uasset" 365
"../../../../../../Users/ercan/Documents/Unreal Projects/Git/Ritimkosu/Content/SciFiWeapDark/Sound/Pistol/Wavs/PistolA_Fire_Dist05.uasset" 366
"../../../../../../Users/ercan/Documents/Unreal Projects/Git/Ritimkosu/Content/SciFiWeapDark/Sound/Pistol/PistolA_Fire_Cue.uasset" 367
"../../../../../../Users/ercan/Documents/Unreal Projects/Git/Ritimkosu/Content/SciFiWeapDark/Weapons/Anims/Fire_Pistol_W.uasset" 368
"../../../../../../Users/ercan/Documents/Unreal Projects/Git/Ritimkosu/Content/SciFiWeapDark/Weapons/Darkness_AssaultRifle_Skeleton.uasset" 369
"../../../../../../Users/ercan/Documents/Unreal Projects/Git/Ritimkosu/Content/SciFiWeapDark/Sound/Rifle/Wavs/RifleA_Fire_Dist06.uasset" 370
"../../../../../../Users/ercan/Documents/Unreal Projects/Git/Ritimkosu/Content/SciFiWeapDark/Sound/Rifle/Wavs/RifleA_Fire_Dist05.uasset" 371
"../../../../../../Users/ercan/Documents/Unreal Projects/Git/Ritimkosu/Content/SciFiWeapDark/Sound/Rifle/Wavs/RifleA_Fire_Dist04.uasset" 372
"../../../../../../Users/ercan/Documents/Unreal Projects/Git/Ritimkosu/Content/SciFiWeapDark/Sound/Rifle/Wavs/RifleA_Fire_Dist03.uasset" 373
"../../../../../../Users/ercan/Documents/Unreal Projects/Git/Ritimkosu/Content/SciFiWeapDark/Sound/Rifle/Wavs/RifleA_Fire_Dist02.uasset" 374
"../../../../../../Users/ercan/Documents/Unreal Projects/Git/Ritimkosu/Content/SciFiWeapDark/Sound/Rifle/Wavs/RifleA_Fire_Dist01.uasset" 375
"../../../../../../Users/ercan/Documents/Unreal Projects/Git/Ritimkosu/Content/SciFiWeapDark/Sound/Rifle/Wavs/RifleA_Fire06.uasset" 376
"../../../../../../Users/ercan/Documents/Unreal Projects/Git/Ritimkosu/Content/SciFiWeapDark/Sound/Rifle/Wavs/RifleA_Fire05.uasset" 377
"../../../../../../Users/ercan/Documents/Unreal Projects/Git/Ritimkosu/Content/SciFiWeapDark/Sound/Rifle/Wavs/RifleA_Fire04.uasset" 378
"../../../../../../Users/ercan/Documents/Unreal Projects/Git/Ritimkosu/Content/SciFiWeapDark/Sound/Rifle/Wavs/RifleA_Fire03.uasset" 379
"../../../../../../Users/ercan/Documents/Unreal Projects/Git/Ritimkosu/Content/SciFiWeapDark/Sound/Rifle/Wavs/RifleA_Fire02.uasset" 380
"../../../../../../Users/ercan/Documents/Unreal Projects/Git/Ritimkosu/Content/SciFiWeapDark/Sound/Rifle/Wavs/RifleA_Fire01.uasset" 381
"../../../../../../Users/ercan/Documents/Unreal Projects/Git/Ritimkosu/Content/SciFiWeapDark/Sound/Rifle/RifleA_Fire_Cue.uasset" 382
"../../../../../../Users/ercan/Documents/Unreal Projects/Git/Ritimkosu/Content/SciFiWeapDark/FX/Materials/M_Plasma_Inst_D_Dark.uasset" 383
"../../../../../../Users/ercan/Documents/Unreal Projects/Git/Ritimkosu/Content/SciFiWeapDark/FX/Materials/M_Plasma_Inst_B_Dark.uasset" 384
"../../../../../../Users/ercan/Documents/Unreal Projects/Git/Ritimkosu/Content/SciFiWeapDark/FX/Particles/P_AssaultRifle_MuzzleFlash_Dark.uasset" 385
"../../../../../../Users/ercan/Documents/Unreal Projects/Git/Ritimkosu/Content/SciFiWeapDark/Weapons/Anims/Fire_Rifle_W.uasset" 386
"../../../../../../Users/ercan/Documents/Unreal Projects/Git/Ritimkosu/Content/SciFiWeapDark/Weapons/Darkness_RocketLauncher_Skeleton.uasset" 387
"../../../../../../Users/ercan/Documents/Unreal Projects/Git/Ritimkosu/Content/SciFiWeapDark/Sound/RocketLauncher/Wavs/RocketLauncherA_Fire_Dist04.uasset" 388
"../../../../../../Users/ercan/Documents/Unreal Projects/Git/Ritimkosu/Content/SciFiWeapDark/Sound/RocketLauncher/Wavs/RocketLauncherA_Fire_Dist03.uasset" 389
"../../../../../../Users/ercan/Documents/Unreal Projects/Git/Ritimkosu/Content/SciFiWeapDark/Sound/RocketLauncher/Wavs/RocketLauncherA_Fire_Dist02.uasset" 390
"../../../../../../Users/ercan/Documents/Unreal Projects/Git/Ritimkosu/Content/SciFiWeapDark/Sound/RocketLauncher/Wavs/RocketLauncherA_Fire_Dist01.uasset" 391
"../../../../../../Users/ercan/Documents/Unreal Projects/Git/Ritimkosu/Content/SciFiWeapDark/Sound/RocketLauncher/Wavs/RocketLauncherA_Fire04.uasset" 392
"../../../../../../Users/ercan/Documents/Unreal Projects/Git/Ritimkosu/Content/SciFiWeapDark/Sound/RocketLauncher/Wavs/RocketLauncherA_Fire03.uasset" 393
"../../../../../../Users/ercan/Documents/Unreal Projects/Git/Ritimkosu/Content/SciFiWeapDark/Sound/RocketLauncher/Wavs/RocketLauncherA_Fire02.uasset" 394
"../../../../../../Users/ercan/Documents/Unreal Projects/Git/Ritimkosu/Content/SciFiWeapDark/Sound/RocketLauncher/Wavs/RocketLauncherA_Fire01.uasset" 395
"../../../../../../Users/ercan/Documents/Unreal Projects/Git/Ritimkosu/Content/SciFiWeapDark/Sound/RocketLauncher/RocketLauncherA_Fire_Cue.uasset" 396
"../../../../../../Users/ercan/Documents/Unreal Projects/Git/Ritimkosu/Content/SciFiWeapDark/FX/Particles/P_RocketLauncher_MuzzleFlash_Rear_Dark.uasset" 397
"../../../../../../Users/ercan/Documents/Unreal Projects/Git/Ritimkosu/Content/SciFiWeapDark/FX/Particles/P_RocketLauncher_MuzzleFlash_Front_Dark.uasset" 398
"../../../../../../Users/ercan/Documents/Unreal Projects/Git/Ritimkosu/Content/SciFiWeapDark/Weapons/Anims/Fire_RocketLauncher_W.uasset" 399
"../../../../../../Users/ercan/Documents/Unreal Projects/Git/Ritimkosu/Content/SciFiWeapDark/Sound/Shotgun/Wavs/Shotgun_Reload03.uasset" 400
"../../../../../../Users/ercan/Documents/Unreal Projects/Git/Ritimkosu/Content/SciFiWeapDark/Sound/Shotgun/Wavs/Shotgun_Reload02.uasset" 401
"../../../../../../Users/ercan/Documents/Unreal Projects/Git/Ritimkosu/Content/SciFiWeapDark/Sound/Shotgun/Wavs/Shotgun_Reload01.uasset" 402
"../../../../../../Users/ercan/Documents/Unreal Projects/Git/Ritimkosu/Content/SciFiWeapDark/Sound/Shotgun/Shotgun_Reload_Cue.uasset" 403
"../../../../../../Users/ercan/Documents/Unreal Projects/Git/Ritimkosu/Content/SciFiWeapDark/Sound/Shotgun/Wavs/ShotgunA_Fire_Dist04.uasset" 404
"../../../../../../Users/ercan/Documents/Unreal Projects/Git/Ritimkosu/Content/SciFiWeapDark/Sound/Shotgun/Wavs/ShotgunA_Fire_Dist03.uasset" 405
"../../../../../../Users/ercan/Documents/Unreal Projects/Git/Ritimkosu/Content/SciFiWeapDark/Sound/Shotgun/Wavs/ShotgunA_Fire_Dist02.uasset" 406
"../../../../../../Users/ercan/Documents/Unreal Projects/Git/Ritimkosu/Content/SciFiWeapDark/Sound/Shotgun/Wavs/ShotgunA_Fire_Dist01.uasset" 407
"../../../../../../Users/ercan/Documents/Unreal Projects/Git/Ritimkosu/Content/SciFiWeapDark/Sound/Shotgun/Wavs/ShotgunA_Fire04.uasset" 408
"../../../../../../Users/ercan/Documents/Unreal Projects/Git/Ritimkosu/Content/SciFiWeapDark/Sound/Shotgun/Wavs/ShotgunA_Fire03.uasset" 409
"../../../../../../Users/ercan/Documents/Unreal Projects/Git/Ritimkosu/Content/SciFiWeapDark/Sound/Shotgun/Wavs/ShotgunA_Fire02.uasset" 410
"../../../../../../Users/ercan/Documents/Unreal Projects/Git/Ritimkosu/Content/SciFiWeapDark/Sound/Shotgun/Wavs/ShotgunA_Fire01.uasset" 411
"../../../../../../Users/ercan/Documents/Unreal Projects/Git/Ritimkosu/Content/SciFiWeapDark/Sound/Shotgun/ShotgunA_Fire_Cue.uasset" 412
"../../../../../../Users/ercan/Documents/Unreal Projects/Git/Ritimkosu/Content/SciFiWeapDark/Weapons/Darkness_Shotgun_Skeleton.uasset" 413
"../../../../../../Users/ercan/Documents/Unreal Projects/Git/Ritimkosu/Content/SciFiWeapDark/FX/Particles/P_Shotgun_MuzzleFlash_Dark.uasset" 414
"../../../../../../Users/ercan/Documents/Unreal Projects/Git/Ritimkosu/Content/SciFiWeapDark/Weapons/Anims/Fire_Shotgun_W.uasset" 415
"../../../../../../Users/ercan/Documents/Unreal Projects/Git/Ritimkosu/Content/SciFiWeapDark/Sound/SniperRifle/Wavs/SniperRifleA_Fire_Dist04.uasset" 416
"../../../../../../Users/ercan/Documents/Unreal Projects/Git/Ritimkosu/Content/SciFiWeapDark/Sound/SniperRifle/Wavs/SniperRifleA_Fire_Dist03.uasset" 417
"../../../../../../Users/ercan/Documents/Unreal Projects/Git/Ritimkosu/Content/SciFiWeapDark/Sound/SniperRifle/Wavs/SniperRifleA_Fire_Dist02.uasset" 418
"../../../../../../Users/ercan/Documents/Unreal Projects/Git/Ritimkosu/Content/SciFiWeapDark/Sound/SniperRifle/Wavs/SniperRifleA_Fire_Dist01.uasset" 419
"../../../../../../Users/ercan/Documents/Unreal Projects/Git/Ritimkosu/Content/SciFiWeapDark/Sound/SniperRifle/Wavs/SniperRifleA_Fire04.uasset" 420
"../../../../../../Users/ercan/Documents/Unreal Projects/Git/Ritimkosu/Content/SciFiWeapDark/Sound/SniperRifle/Wavs/SniperRifleA_Fire03.uasset" 421
"../../../../../../Users/ercan/Documents/Unreal Projects/Git/Ritimkosu/Content/SciFiWeapDark/Sound/SniperRifle/Wavs/SniperRifleA_Fire02.uasset" 422
"../../../../../../Users/ercan/Documents/Unreal Projects/Git/Ritimkosu/Content/SciFiWeapDark/Sound/SniperRifle/Wavs/SniperRifleA_Fire01.uasset" 423
"../../../../../../Users/ercan/Documents/Unreal Projects/Git/Ritimkosu/Content/SciFiWeapDark/Sound/SniperRifle/SniperRifleA_Fire_Cue.uasset" 424
"../../../../../../Users/ercan/Documents/Unreal Projects/Git/Ritimkosu/Content/SciFiWeapDark/Weapons/Darkness_SniperRifle_Skeleton.uasset" 425
"../../../../../../Users/ercan/Documents/Unreal Projects/Git/Ritimkosu/Content/SciFiWeapDark/FX/Particles/P_SniperRifle_MuzzleFlash_Dark.uasset" 426
"../../../../../../Users/ercan/Documents/Unreal Projects/Git/Ritimkosu/Content/SciFiWeapDark/Weapons/Anims/Fire_SniperRifle_W.uasset" 427
"../../../../../../Users/ercan/Documents/Unreal Projects/Git/Ritimkosu/Content/SciFiWeapDark/Sound/Rifle/Wavs/Rifle_Reload03.uasset" 428
"../../../../../../Users/ercan/Documents/Unreal Projects/Git/Ritimkosu/Content/SciFiWeapDark/Sound/Rifle/Wavs/Rifle_Reload02.uasset" 429
"../../../../../../Users/ercan/Documents/Unreal Projects/Git/Ritimkosu/Content/SciFiWeapDark/Sound/Rifle/Wavs/Rifle_Reload01.uasset" 430
"../../../../../../Users/ercan/Documents/Unreal Projects/Git/Ritimkosu/Content/SciFiWeapDark/Sound/Rifle/Rifle_Reload_Cue.uasset" 431
"../../../../../../Users/ercan/Documents/Unreal Projects/Git/Ritimkosu/Content/SciFiWeapDark/Sound/Rifle/Rifle_ReloadInsert_Cue.uasset" 432
"../../../../../../Users/ercan/Documents/Unreal Projects/Git/Ritimkosu/Content/SciFiWeapDark/Weapons/Anims/Prone_Reload_Rifle_W.uasset" 433
"../../../../../../Users/ercan/Documents/Unreal Projects/Git/Ritimkosu/Content/SciFiWeapDark/Sound/SniperRifle/Wavs/SniperRifle_Reload03.uasset" 434
"../../../../../../Users/ercan/Documents/Unreal Projects/Git/Ritimkosu/Content/SciFiWeapDark/Sound/SniperRifle/Wavs/SniperRifle_Reload02.uasset" 435
"../../../../../../Users/ercan/Documents/Unreal Projects/Git/Ritimkosu/Content/SciFiWeapDark/Sound/SniperRifle/Wavs/SniperRifle_Reload01.uasset" 436
"../../../../../../Users/ercan/Documents/Unreal Projects/Git/Ritimkosu/Content/SciFiWeapDark/Sound/SniperRifle/SniperRifle_Reload_Cue.uasset" 437
"../../../../../../Users/ercan/Documents/Unreal Projects/Git/Ritimkosu/Content/SciFiWeapDark/Sound/SniperRifle/SniperRifle_ReloadInsert_Cue.uasset" 438
"../../../../../../Users/ercan/Documents/Unreal Projects/Git/Ritimkosu/Content/SciFiWeapDark/Weapons/Anims/Prone_SniperRifle_Reload_W.uasset" 439
"../../../../../../Users/ercan/Documents/Unreal Projects/Git/Ritimkosu/Content/SciFiWeapDark/Sound/GrenadeLauncher/Wavs/GrenadeLauncher_Reload03.uasset" 440
"../../../../../../Users/ercan/Documents/Unreal Projects/Git/Ritimkosu/Content/SciFiWeapDark/Sound/GrenadeLauncher/Wavs/GrenadeLauncher_Reload02.uasset" 441
"../../../../../../Users/ercan/Documents/Unreal Projects/Git/Ritimkosu/Content/SciFiWeapDark/Sound/GrenadeLauncher/Wavs/GrenadeLauncher_Reload01.uasset" 442
"../../../../../../Users/ercan/Documents/Unreal Projects/Git/Ritimkosu/Content/SciFiWeapDark/Sound/GrenadeLauncher/GrenadeLauncher_Reload_Cue.uasset" 443
"../../../../../../Users/ercan/Documents/Unreal Projects/Git/Ritimkosu/Content/SciFiWeapDark/Weapons/Anims/Reload_GrenadeLauncher_W.uasset" 444
"../../../../../../Users/ercan/Documents/Unreal Projects/Git/Ritimkosu/Content/SciFiWeapDark/Sound/Pistol/Wavs/Pistol_ReloadSlideRack03.uasset" 445
"../../../../../../Users/ercan/Documents/Unreal Projects/Git/Ritimkosu/Content/SciFiWeapDark/Sound/Pistol/Wavs/Pistol_ReloadSlideRack02.uasset" 446
"../../../../../../Users/ercan/Documents/Unreal Projects/Git/Ritimkosu/Content/SciFiWeapDark/Sound/Pistol/Wavs/Pistol_ReloadSlideRack01.uasset" 447
"../../../../../../Users/ercan/Documents/Unreal Projects/Git/Ritimkosu/Content/SciFiWeapDark/Sound/Pistol/Wavs/Pistol_ReloadMagInsert02.uasset" 448
"../../../../../../Users/ercan/Documents/Unreal Projects/Git/Ritimkosu/Content/SciFiWeapDark/Sound/Pistol/Wavs/Pistol_ReloadMagInsert01.uasset" 449
"../../../../../../Users/ercan/Documents/Unreal Projects/Git/Ritimkosu/Content/SciFiWeapDark/Sound/Pistol/Wavs/Pistol_ReloadMagInsert03.uasset" 450
"../../../../../../Users/ercan/Documents/Unreal Projects/Git/Ritimkosu/Content/SciFiWeapDark/Sound/Pistol/Pistol_ReloadInsert_Cue.uasset" 451
"../../../../../../Users/ercan/Documents/Unreal Projects/Git/Ritimkosu/Content/SciFiWeapDark/Sound/Pistol/Wavs/Pistol_ReloadMagEject03.uasset" 452
"../../../../../../Users/ercan/Documents/Unreal Projects/Git/Ritimkosu/Content/SciFiWeapDark/Sound/Pistol/Wavs/Pistol_ReloadMagEject02.uasset" 453
"../../../../../../Users/ercan/Documents/Unreal Projects/Git/Ritimkosu/Content/SciFiWeapDark/Sound/Pistol/Wavs/Pistol_ReloadMagEject01.uasset" 454
"../../../../../../Users/ercan/Documents/Unreal Projects/Git/Ritimkosu/Content/SciFiWeapDark/Sound/Pistol/Pistol_ReloadEject_Cue.uasset" 455
"../../../../../../Users/ercan/Documents/Unreal Projects/Git/Ritimkosu/Content/SciFiWeapDark/Weapons/Anims/Reload_Pistol_W.uasset" 456
"../../../../../../Users/ercan/Documents/Unreal Projects/Git/Ritimkosu/Content/SciFiWeapDark/Weapons/Anims/Reload_Rifle_Hip_W.uasset" 457
"../../../../../../Users/ercan/Documents/Unreal Projects/Git/Ritimkosu/Content/SciFiWeapDark/Weapons/Anims/Reload_Rifle_Ironsights_w.uasset" 458
"../../../../../../Users/ercan/Documents/Unreal Projects/Git/Ritimkosu/Content/SciFiWeapDark/Sound/RocketLauncher/Wavs/RocketLauncher_Reload_Insert03.uasset" 459
"../../../../../../Users/ercan/Documents/Unreal Projects/Git/Ritimkosu/Content/SciFiWeapDark/Sound/RocketLauncher/Wavs/RocketLauncher_Reload_Insert02.uasset" 460
"../../../../../../Users/ercan/Documents/Unreal Projects/Git/Ritimkosu/Content/SciFiWeapDark/Sound/RocketLauncher/Wavs/RocketLauncher_Reload_Insert01.uasset" 461
"../../../../../../Users/ercan/Documents/Unreal Projects/Git/Ritimkosu/Content/SciFiWeapDark/Sound/RocketLauncher/RocketLauncher_Reload_Insert_Cue.uasset" 462
"../../../../../../Users/ercan/Documents/Unreal Projects/Git/Ritimkosu/Content/SciFiWeapDark/Sound/RocketLauncher/Wavs/RocketLauncher_Reload_Detach.uasset" 463
"../../../../../../Users/ercan/Documents/Unreal Projects/Git/Ritimkosu/Content/SciFiWeapDark/Sound/RocketLauncher/RocketLauncher_Reload_Detach_Cue.uasset" 464
"../../../../../../Users/ercan/Documents/Unreal Projects/Git/Ritimkosu/Content/SciFiWeapDark/Weapons/Anims/Reload_RocketLauncher_W.uasset" 465
"../../../../../../Users/ercan/Documents/Unreal Projects/Git/Ritimkosu/Content/SciFiWeapDark/Weapons/Anims/Reload_Shotgun_W.uasset" 466
"../../../../../../Users/ercan/Documents/Unreal Projects/Git/Ritimkosu/Content/SciFiWeapDark/Weapons/Anims/Reload_SniperRifle_Hips_W.uasset" 467
"../../../../../../Users/ercan/Documents/Unreal Projects/Git/Ritimkosu/Content/SciFiWeapDark/Weapons/Anims/Reload_SniperRifle_Ironsights_W.uasset" 468
"../../../../../../Users/ercan/Documents/Unreal Projects/Git/Ritimkosu/Content/SciFiWeapDark/Weapons/Materials/M_AssaultRifleVer2_Inst.uasset" 469
"../../../../../../Users/ercan/Documents/Unreal Projects/Git/Ritimkosu/Content/SciFiWeapDark/Weapons/Textures/T_Darkness_KnifeColor_M.uasset" 470
"../../../../../../Users/ercan/Documents/Unreal Projects/Git/Ritimkosu/Content/SciFiWeapDark/Weapons/Textures/T_Darkness_Knife_N.uasset" 471
"../../../../../../Users/ercan/Documents/Unreal Projects/Git/Ritimkosu/Content/SciFiWeapDark/Weapons/Textures/T_Darkness_Knife_M.uasset" 472
"../../../../../../Users/ercan/Documents/Unreal Projects/Git/Ritimkosu/Content/SciFiWeapDark/Weapons/Textures/T_Darkness_Knife_D.uasset" 473
"../../../../../../Users/ercan/Documents/Unreal Projects/Git/Ritimkosu/Content/SciFiWeapDark/Weapons/Materials/M_GrenadeLauncherVer2_Inst.uasset" 474
"../../../../../../Users/ercan/Documents/Unreal Projects/Git/Ritimkosu/Content/SciFiWeapDark/Weapons/Materials/M_KnifeVer2_Inst.uasset" 475
"../../../../../../Users/ercan/Documents/Unreal Projects/Git/Ritimkosu/Content/SciFiWeapDark/Weapons/Materials/M_PistolVer2_Inst.uasset" 476
"../../../../../../Users/ercan/Documents/Unreal Projects/Git/Ritimkosu/Content/SciFiWeapDark/Weapons/Materials/M_RocketLauncherVer2_Inst.uasset" 477
"../../../../../../Users/ercan/Documents/Unreal Projects/Git/Ritimkosu/Content/SciFiWeapDark/Weapons/Materials/M_ShotgunVer2_Inst.uasset" 478
"../../../../../../Users/ercan/Documents/Unreal Projects/Git/Ritimkosu/Content/SciFiWeapDark/Weapons/Materials/M_SniperRifleVer2_Inst.uasset" 479
"../../../../../../Users/ercan/Documents/Unreal Projects/Git/Ritimkosu/Content/Tutorial/DISCO1__.uasset" 480
"../../../../../../Users/ercan/Documents/Unreal Projects/Git/Ritimkosu/Content/Tutorial/DISCO1___Font.uasset" 481
"../../../Engine/Content/Animation/DefaultAnimBoneCompressionSettings.uasset" 482
"../../../Engine/Content/Animation/DefaultAnimCurveCompressionSettings.uasset" 483
"../../../Engine/Content/Functions/Engine_MaterialFunctions01/Opacity/CameraDepthFade.uasset" 484
"../../../Engine/Content/EngineMaterials/T_Default_Material_Grid_N.uasset" 485
"../../../Engine/Content/EngineMaterials/T_Default_Material_Grid_M.uasset" 486
"../../../Engine/Content/EngineMaterials/WorldGridMaterial.uasset" 487
"../../../Engine/Content/ArtTools/RenderToTexture/Meshes/S_1_Unit_Plane.uasset" 488
"../../../Engine/Content/EngineMaterials/DefaultMaterial.uasset" 489
"../../../Engine/Content/BasicShapes/Cone.uasset" 490
"../../../Engine/Content/BasicShapes/Plane.uasset" 491
"../../../Engine/Content/EditorLandscapeResources/DataLayer.uasset" 492
"../../../Engine/Content/EditorLandscapeResources/DefaultAlphaTexture.uasset" 493
"../../../Engine/Content/EditorMaterials/MAT_Groups_Toggle.uasset" 494
"../../../Engine/Content/EditorMaterials/MAT_Groups_Visibility.uasset" 495
"../../../Engine/Content/EditorMaterials/PreviewShadowIndicator.uasset" 496
"../../../Engine/Content/EditorMaterials/PreviewShadowIndicatorMaterial.uasset" 497
"../../../Engine/Content/EditorMaterials/MatineeGroups/MAT_ColorTrack.uasset" 498
"../../../Engine/Content/EditorMaterials/MatineeGroups/MAT_Groups_Anim.uasset" 499
"../../../Engine/Content/EditorMaterials/MatineeGroups/MAT_Groups_AudioMaster.uasset" 500
"../../../Engine/Content/EditorMaterials/MatineeGroups/MAT_Groups_Director.uasset" 501
"../../../Engine/Content/EditorMaterials/MatineeGroups/MAT_Groups_Event.uasset" 502
"../../../Engine/Content/EditorMaterials/MatineeGroups/MAT_Groups_Fade.uasset" 503
"../../../Engine/Content/EditorMaterials/MatineeGroups/MAT_Groups_Float.uasset" 504
"../../../Engine/Content/EditorMaterials/MatineeGroups/MAT_Groups_Move.uasset" 505
"../../../Engine/Content/EditorMaterials/MatineeGroups/MAT_Groups_Slomo.uasset" 506
"../../../Engine/Content/EditorMaterials/MatineeGroups/MAT_Groups_Sound.uasset" 507
"../../../Engine/Content/EditorMaterials/MatineeGroups/MAT_Groups_Vector.uasset" 508
"../../../Engine/Content/EditorMaterials/ParticleSystems/PSysThumbnail_NoImage.uasset" 509
"../../../Engine/Content/EditorMaterials/ParticleSystems/PSysThumbnail_OOD.uasset" 510
"../../../Engine/Content/EditorMaterials/Camera/CineMat.uasset" 511
"../../../Engine/Content/EditorMaterials/Camera/MI_CineMat_Rig.uasset" 512
"../../../Engine/Content/EditorMeshes/Camera/SM_CraneRig_Arm.uasset" 513
"../../../Engine/Content/EditorMeshes/Camera/SM_CraneRig_Base.uasset" 514
"../../../Engine/Content/EditorMeshes/Camera/SM_CraneRig_Body.uasset" 515
"../../../Engine/Content/EditorMeshes/Camera/SM_CraneRig_Mount.uasset" 516
"../../../Engine/Content/EditorMeshes/Camera/SM_RailRig_Mount.uasset" 517
"../../../Engine/Content/EditorMeshes/Camera/SM_RailRig_Track.uasset" 518
"../../../Engine/Content/EditorResources/BSPVertex.uasset" 519
"../../../Engine/Content/EditorResources/EmptyActor.uasset" 520
"../../../Engine/Content/EditorResources/S_Actor.uasset" 521
"../../../Engine/Content/EditorResources/S_Note.uasset" 522
"../../../Engine/Content/EditorResources/S_Solver.uasset" 523
"../../../Engine/Content/EditorResources/S_Terrain.uasset" 524
"../../../Engine/Content/EditorResources/S_Trigger.uasset" 525
"../../../Engine/Content/EditorResources/LightIcons/S_LightError.uasset" 526
"../../../Engine/Content/EditorResources/SequenceRecorder/Countdown.uasset" 527
"../../../Engine/Content/EditorResources/SequenceRecorder/RecordingIndicator.uasset" 528
"../../../Engine/Content/EngineDamageTypes/DmgTypeBP_Environmental.uasset" 529
"../../../Engine/Content/EngineDebugMaterials/DebugEditorMaterial.uasset" 530
"../../../Engine/Content/EngineDebugMaterials/DebugMeshMaterial.uasset" 531
"../../../Engine/Content/EngineDebugMaterials/M_SimpleUnlitTranslucent.uasset" 532
"../../../Engine/Content/EngineDebugMaterials/VolumeToRender.uasset" 533
"../../../Engine/Content/Functions/Engine_MaterialFunctions02/Utility/CameraDirectionVector.uasset" 534
"../../../Engine/Content/EngineDebugMaterials/M_VolumeRenderSphereTracePP.uasset" 535
"../../../Engine/Content/Functions/Engine_MaterialFunctions01/Shading/ConvertFromDiffSpec.uasset" 536
"../../../Engine/Content/EngineDebugMaterials/VertexColorMaterial.uasset" 537
"../../../Engine/Content/EngineDebugMaterials/WireframeMaterial.uasset" 538
"../../../Engine/Content/EngineFonts/Faces/RobotoRegular.uasset" 539
"../../../Engine/Content/EngineFonts/Faces/RobotoLight.uasset" 540
"../../../Engine/Content/EngineFonts/Faces/RobotoItalic.uasset" 541
"../../../Engine/Content/EngineFonts/Faces/RobotoBoldItalic.uasset" 542
"../../../Engine/Content/EngineFonts/Faces/RobotoBold.uasset" 543
"../../../Engine/Content/EngineFonts/Faces/DroidSansFallback.uasset" 544
"../../../Engine/Content/EngineFonts/Roboto.uasset" 545
"../../../Engine/Content/EngineMaterials/BaseFlattenNormalMap.uasset" 546
"../../../Engine/Content/EngineMaterials/BaseFlattenGrayscaleMap.uasset" 547
"../../../Engine/Content/EngineMaterials/BaseFlattenEmissiveMap.uasset" 548
"../../../Engine/Content/EngineMaterials/BaseFlattenDiffuseMap.uasset" 549
"../../../Engine/Content/EngineMaterials/BaseFlattenMaterial.uasset" 550
"../../../Engine/Content/EngineMaterials/BlueNoise.uasset" 551
"../../../Engine/Content/EngineMaterials/DefaultBloomKernel.uasset" 552
"../../../Engine/Content/EngineMaterials/DefaultBokeh.uasset" 553
"../../../Engine/Content/EngineMaterials/DefaultDiffuse.uasset" 554
"../../../Engine/Content/EngineMaterials/DefaultDeferredDecalMaterial.uasset" 555
"../../../Engine/Content/EngineMaterials/DefaultLightFunctionMaterial.uasset" 556
"../../../Engine/Content/EngineMaterials/DefaultPhysicalMaterial.uasset" 557
"../../../Engine/Content/Functions/Engine_MaterialFunctions02/Utility/BreakOutFloat2Components.uasset" 558
"../../../Engine/Content/EngineMaterials/DefaultPostProcessMaterial.uasset" 559
"../../../Engine/Content/EngineFonts/RobotoDistanceField.uasset" 560
"../../../Engine/Content/EngineMaterials/DefaultTextMaterialOpaque.uasset" 561
"../../../Engine/Content/EngineMaterials/DefaultWhiteGrid.uasset" 562
"../../../Engine/Content/EngineMaterials/DefaultWhiteGrid_Low.uasset" 563
"../../../Engine/Content/EngineMaterials/EmissiveMeshMaterial.uasset" 564
"../../../Engine/Content/EngineMaterials/GizmoMaterial.uasset" 565
"../../../Engine/Content/EngineMaterials/Good64x64TilingNoiseHighFreq.uasset" 566
"../../../Engine/Content/EngineMaterials/MiniFont.uasset" 567
"../../../Engine/Content/EngineMaterials/InvalidLightmapSettings.uasset" 568
"../../../Engine/Content/EngineMaterials/M_InvalidLightmapSettings.uasset" 569
"../../../Engine/Content/Functions/Engine_MaterialFunctions02/WorldPositionOffset/CameraOffset.uasset" 570
"../../../Engine/Content/EngineMaterials/PhAT_JointLimitMaterial.uasset" 571
"../../../Engine/Content/EngineMaterials/PreintegratedSkinBRDF.uasset" 572
"../../../Engine/Content/EngineMaterials/RemoveSurfaceMaterial.uasset" 573
"../../../Engine/Content/EngineMaterials/WeightMapPlaceholderTexture.uasset" 574
"../../../Engine/Content/EngineResources/WhiteSquareTexture.uasset" 575
"../../../Engine/Content/EngineMaterials/Widget3DPassThrough.uasset" 576
"../../../Engine/Content/EngineMaterials/Widget3DPassThrough_Masked.uasset" 577
"../../../Engine/Content/EngineMaterials/Widget3DPassThrough_Opaque.uasset" 578
"../../../Engine/Content/EngineMaterials/Widget3DPassThrough_Masked_OneSided.uasset" 579
"../../../Engine/Content/EngineMaterials/Widget3DPassThrough_Opaque_OneSided.uasset" 580
"../../../Engine/Content/EngineMaterials/Widget3DPassThrough_Translucent.uasset" 581
"../../../Engine/Content/EngineMaterials/Widget3DPassThrough_Translucent_OneSided.uasset" 582
"../../../Engine/Content/EngineMeshes/Cylinder.uasset" 583
"../../../Engine/Content/EngineMeshes/Sphere.uasset" 584
"../../../Engine/Content/EngineResources/Black.uasset" 585
"../../../Engine/Content/EngineResources/DefaultTextureCube.uasset" 586
"../../../Engine/Content/EngineResources/DefaultVolumeTexture2D.uasset" 587
"../../../Engine/Content/EngineResources/DefaultVolumeTexture.uasset" 588
"../../../Engine/Content/EngineResources/GradientTexture0.uasset" 589
"../../../Engine/Content/EngineSky/VolumetricClouds/T_NoiseShape64.uasset" 590
"../../../Engine/Content/EngineSky/VolumetricClouds/T_VolumeNoiseShape64.uasset" 591
"../../../Engine/Content/EngineSky/VolumetricClouds/T_NoiseErosion.uasset" 592
"../../../Engine/Content/EngineSky/VolumetricClouds/T_VolumeNoiseErosion32.uasset" 593
"../../../Engine/Content/EngineSky/VolumetricClouds/CloudWeatherTexture.uasset" 594
"../../../Engine/Content/EngineSky/VolumetricClouds/CloudGradientTexture.uasset" 595
"../../../Engine/Content/Functions/Engine_MaterialFunctions02/Utility/MakeFloat2.uasset" 596
"../../../Engine/Content/EngineSky/VolumetricClouds/m_SimpleVolumetricCloud.uasset" 597
"../../../Engine/Content/EngineSky/VolumetricClouds/m_SimpleVolumetricCloud_Inst.uasset" 598
"../../../Engine/Content/EngineSounds/Master.uasset" 599
"../../../Engine/Content/Functions/Engine_MaterialFunctions01/Shading/PowerToRoughness.uasset" 600
"../../../Engine/Content/Maps/Templates/Thumbnails/Default.uasset" 601
"../../../Engine/Content/Maps/Templates/Thumbnails/TimeOfDay.uasset" 602
"../../../Engine/Content/Maps/Templates/Thumbnails/VR-Basic.uasset" 603
"../../../Engine/Content/MobileResources/T_MobileControls_texture.uasset" 604
"../../../Engine/Content/MobileResources/T_MobileMenu2.uasset" 605
"../../../Engine/Content/MobileResources/HUD/AnalogHat.uasset" 606
"../../../Engine/Content/MobileResources/HUD/VirtualJoystick_Thumb.uasset" 607
"../../../Engine/Content/MobileResources/HUD/VirtualJoystick_Background.uasset" 608
"../../../Engine/Content/MobileResources/HUD/DefaultVirtualJoysticks.uasset" 609
"../../../Engine/Content/MobileResources/HUD/LeftVirtualJoystickOnly.uasset" 610
"../../../Engine/Content/MobileResources/HUD/MobileHUDButton1_off.uasset" 611
"../../../Engine/Content/MobileResources/HUD/MobileHUDButton1_on.uasset" 612
"../../../Engine/Content/MobileResources/HUD/MobileHUDButton2_off.uasset" 613
"../../../Engine/Content/MobileResources/HUD/MobileHUDButton2_on.uasset" 614
"../../../Engine/Content/MobileResources/HUD/MobileHUDButton3.uasset" 615
"../../../Engine/Content/MobileResources/HUD/MobileHUDButtonFire.uasset" 616
"../../../Engine/Content/MobileResources/HUD/MobileHUDDirectionPad.uasset" 617
"../../../Engine/Content/MobileResources/HUD/MobileHUDDirectionPad2.uasset" 618
"../../../Engine/Content/MobileResources/HUD/MobileHUDDirectionPad3.uasset" 619
"../../../Engine/Content/MobileResources/HUD/MobileHUDDirectionStick.uasset" 620
"../../../Engine/Content/MobileResources/HUD/T_Castle_ThumbstickInner.uasset" 621
"../../../Engine/Content/MobileResources/HUD/T_Castle_ThumbstickOutter.uasset" 622
"../../../Engine/Content/Tutorial/ContentIntroCurve.uasset" 623
"../../../Engine/Content/Tutorial/Basics/LevelEditorAttract.uasset" 624
"../../../Engine/Content/Tutorial/Basics/TutorialAssets/icon_tab_Levels_40x.uasset" 625
"../../../Engine/Content/Tutorial/Basics/LevelEditorOverview.uasset" 626
"../../../Engine/Content/Tutorial/BlueprintTutorials/TutorialAssets/Blueprint_64x.uasset" 627
"../../../Engine/Content/Tutorial/BlueprintTutorials/BlueprintEditorTutorial.uasset" 628
"../../../Engine/Content/Tutorial/Landscape/TutorialAssets/Landscape.uasset" 629
"../../../Engine/Content/Tutorial/Landscape/LandscapeWalkThrough.uasset" 630
"../../../Engine/Content/Tutorial/Landscape/Landscape_Manage_Mode.uasset" 631
"../../../Engine/Content/EditorBlueprintResources/StandardMacros.uasset" 632
"../../../Engine/Content/Tutorial/Landscape/Landscape_Painting_Mode.uasset" 633
"../../../Engine/Content/Tutorial/Landscape/Landscape_Sculpt_Mode.uasset" 634
"../../../Engine/Content/VREditor/TransformGizmo/TranslucentTransformGizmoMaterial.uasset" 635
"../../../Engine/Content/VREditor/LaserPointer/VR_LaserPower_01.uasset" 636
"../../../Engine/Content/VREditor/TransformGizmo/TransformGizmoMaterial.uasset" 637
"../../../Engine/Content/VREditor/TransformGizmo/BoundingBoxCorner.uasset" 638
"../../../Engine/Content/VREditor/TransformGizmo/BoundingBoxEdge.uasset" 639
"../../../Engine/Content/VREditor/TransformGizmo/PlaneTranslationHandle.uasset" 640
"../../../Engine/Content/VREditor/TransformGizmo/Xray.uasset" 641
"../../../Engine/Content/VREditor/TransformGizmo/Main.uasset" 642
"../../../Engine/Content/VREditor/TransformGizmo/SM_Sequencer_Key.uasset" 643
"../../../Engine/Content/VREditor/TransformGizmo/SM_Sequencer_Node.uasset" 644
"../../Plugins/2D/Paper2D/Content/PlaceholderTextures/DummySpriteTexture.uasset" 645
"../../Plugins/2D/Paper2D/Content/DummySprite.uasset" 646
"../../Plugins/2D/Paper2D/Content/DefaultPaperTerrainMaterial.uasset" 647
"../../Plugins/2D/Paper2D/Content/DefaultSpriteMaterial.uasset" 648
"../../Plugins/2D/Paper2D/Content/MaskedUnlitSpriteMaterial.uasset" 649
"../../Plugins/2D/Paper2D/Content/OpaqueUnlitSpriteMaterial.uasset" 650
"../../../Engine/Content/BasicShapes/Cylinder.uasset" 651
"../../../Engine/Content/ArtTools/RenderToTexture/Materials/Debug/M_Emissive_Color.uasset" 652
"../../Plugins/Lumin/MagicLeapPassableWorld/Content/MagicLeapARPinInfoActor.uasset" 653
"../../../Engine/Content/Functions/Engine_MaterialFunctions02/Utility/BreakOutFloat3Components.uasset" 654
"../../Plugins/Editor/SpeedTreeImporter/Content/SpeedTree9/UnpackInteger3.uasset" 655
"../../Plugins/Editor/SpeedTreeImporter/Content/SpeedTree9/UnpackDirection.uasset" 656
"../../Plugins/Editor/SpeedTreeImporter/Content/SpeedTree9/game_wind_noise.uasset" 657
"../../../Engine/Content/Functions/Engine_MaterialFunctions02/SafeNormalize.uasset" 658
"../../Plugins/Editor/SpeedTreeImporter/Content/SpeedTree9/SpeedTreeWindMotion.uasset" 659
"../../Plugins/Editor/SpeedTreeImporter/Content/SpeedTree9/SpeedTreeBranchMotion.uasset" 660
"../../../Engine/Content/Functions/Engine_MaterialFunctions02/ObjectLocalBounds.uasset" 661
"../../../Engine/Content/Functions/Engine_MaterialFunctions02/UVs/BoundingBoxBased_0-1_UVW.uasset" 662
"../../Plugins/Editor/SpeedTreeImporter/Content/SpeedTree9/SpeedTreeWind.uasset" 663
"../../Plugins/Editor/SpeedTreeImporter/Content/SpeedTree9/SpeedTreeBillboard.uasset" 664
"../../../Engine/Content/EngineResources/DefaultTexture.uasset" 665
"../../Plugins/Editor/SpeedTreeImporter/Content/SpeedTree9/SpeedTreeBillboardMaster.uasset" 666
"../../Plugins/Editor/SpeedTreeImporter/Content/SpeedTree9/SpeedTreeCameraFacing.uasset" 667
"../../Plugins/Editor/SpeedTreeImporter/Content/SpeedTree9/SpeedTreeMaster.uasset" 668
"../../../Engine/Content/Functions/Engine_MaterialFunctions02/Utility/BreakOutFloat4Components.uasset" 669
"../../../Engine/Content/Functions/Engine_MaterialFunctions02/Utility/MakeFloat3.uasset" 670
"../../Plugins/Runtime/Oculus/OculusVR/Content/Materials/OculusMR_ChromaKey.uasset" 671
"../../Plugins/Runtime/Oculus/OculusVR/Content/Materials/OculusMR_OpaqueColoredMaterial.uasset" 672
"../../Plugins/Runtime/Oculus/OculusVR/Content/Materials/PokeAHoleMaterial.uasset" 673
"../../../../../../Users/ercan/Documents/Unreal Projects/Git/Ritimkosu/Content/Sounds/MusicClass.uasset" 674
"../../../../../../Users/ercan/Documents/Unreal Projects/Git/Ritimkosu/Content/Sounds/MasterCla.uasset" 675
"../../../../../../Users/ercan/Documents/Unreal Projects/Git/Ritimkosu/Content/Sounds/SFXClass.uasset" 676
"../../../../../../Users/ercan/Documents/Unreal Projects/Git/Ritimkosu/Content/Sounds/S_Synth.uasset" 677
"../../../../../../Users/ercan/Documents/Unreal Projects/Git/Ritimkosu/Content/Sounds/S_Kick.uasset" 678
"../../../../../../Users/ercan/Documents/Unreal Projects/Git/Ritimkosu/Content/Sounds/S_Hat.uasset" 679
"../../../../../../Users/ercan/Documents/Unreal Projects/Git/Ritimkosu/Content/Sounds/S_Drum.uasset" 680
"../../../../../../Users/ercan/Documents/Unreal Projects/Git/Ritimkosu/Content/Sounds/S_Degis.uasset" 681
"../../../Engine/Content/BasicShapes/Cube.uasset" 682
"../../../../../../Users/ercan/Documents/Unreal Projects/Git/Ritimkosu/Content/Materials/MI_Yellow.uasset" 683
"../../../../../../Users/ercan/Documents/Unreal Projects/Git/Ritimkosu/Content/Materials/MI_White.uasset" 684
"../../../../../../Users/ercan/Documents/Unreal Projects/Git/Ritimkosu/Content/Materials/MI_Purple.uasset" 685
"../../../../../../Users/ercan/Documents/Unreal Projects/Git/Ritimkosu/Content/Materials/MI_BLue.uasset" 686
"../../../../../../Users/ercan/Documents/Unreal Projects/Git/Ritimkosu/Content/Meshes/SM_Cube.uasset" 687
"../../../../../../Users/ercan/Documents/Unreal Projects/Git/Ritimkosu/Content/Blueprints/BP_ColorTile.uasset" 688
"../../../../../../Users/ercan/Documents/Unreal Projects/Git/Ritimkosu/Content/Blueprints/BP_RitimTile.uasset" 689
"../../../../../../Users/ercan/Documents/Unreal Projects/Git/Ritimkosu/Content/Meshes/SM_Ritim.uasset" 690
"../../../Engine/Content/BasicShapes/Sphere.uasset" 691
"../../../Engine/Content/BasicShapes/BasicShapeMaterial.uasset" 692
"../../../../../../Users/ercan/Documents/Unreal Projects/Git/Ritimkosu/Content/Blueprints/BP_Ritim.uasset" 693
"../../../../../../Users/ercan/Documents/Unreal Projects/Git/Ritimkosu/Content/Maps/MapEight.umap" 694
"../../../../../../Users/ercan/Documents/Unreal Projects/Git/Ritimkosu/Content/Maps/MapFive.umap" 695
"../../../../../../Users/ercan/Documents/Unreal Projects/Git/Ritimkosu/Content/Maps/MapFour.umap" 696
"../../../../../../Users/ercan/Documents/Unreal Projects/Git/Ritimkosu/Content/Maps/MapNine.umap" 697
"../../../../../../Users/ercan/Documents/Unreal Projects/Git/Ritimkosu/Content/Maps/MapOne_BuiltData.uasset" 698
"../../../../../../Users/ercan/Documents/Unreal Projects/Git/Ritimkosu/Content/Tutorial/Sportrop.uasset" 699
"../../../../../../Users/ercan/Documents/Unreal Projects/Git/Ritimkosu/Content/Tutorial/Sportrop_Font.uasset" 700
"../../../../../../Users/ercan/Documents/Unreal Projects/Git/Ritimkosu/Content/Tutorial/W_ShootWhere.uasset" 701
"../../../../../../Users/ercan/Documents/Unreal Projects/Git/Ritimkosu/Content/Tutorial/WBP_ShootWhere.uasset" 702
"../../../../../../Users/ercan/Documents/Unreal Projects/Git/Ritimkosu/Content/Maps/MapOne.umap" 703
"../../../../../../Users/ercan/Documents/Unreal Projects/Git/Ritimkosu/Content/Maps/MapSeven.umap" 704
"../../../../../../Users/ercan/Documents/Unreal Projects/Git/Ritimkosu/Content/Maps/MapSix.umap" 705
"../../../../../../Users/ercan/Documents/Unreal Projects/Git/Ritimkosu/Content/Maps/MapTen.umap" 706
"../../../../../../Users/ercan/Documents/Unreal Projects/Git/Ritimkosu/Content/Maps/MapThree.umap" 707
"../../../../../../Users/ercan/Documents/Unreal Projects/Git/Ritimkosu/Content/Maps/MapTwo.umap" 708
"../../../../../../Users/ercan/Documents/Unreal Projects/Git/Ritimkosu/Content/SciFiWeapDark/Weapons/Darkness_SniperRifle_Ammo.uasset" 709
"../../../../../../Users/ercan/Documents/Unreal Projects/Git/Ritimkosu/Content/SciFiWeapDark/Weapons/Darkness_SniperRifle_PhysicsAsset.uasset" 710
"../../../../../../Users/ercan/Documents/Unreal Projects/Git/Ritimkosu/Content/SciFiWeapDark/Weapons/Darkness_SniperRifle.uasset" 711
"../../../../../../Users/ercan/Documents/Unreal Projects/Git/Ritimkosu/Content/SciFiWeapDark/Weapons/Darkness_Shotgun_Ammo.uasset" 712
"../../../../../../Users/ercan/Documents/Unreal Projects/Git/Ritimkosu/Content/SciFiWeapDark/Weapons/Darkness_Shotgun_PhysicsAsset.uasset" 713
"../../../../../../Users/ercan/Documents/Unreal Projects/Git/Ritimkosu/Content/SciFiWeapDark/Weapons/Darkness_Shotgun.uasset" 714
"../../../../../../Users/ercan/Documents/Unreal Projects/Git/Ritimkosu/Content/SciFiWeapDark/Weapons/Darkness_RocketLauncher_Ammo.uasset" 715
"../../../../../../Users/ercan/Documents/Unreal Projects/Git/Ritimkosu/Content/SciFiWeapDark/Weapons/Darkness_Pistol_Ammo.uasset" 716
"../../../../../../Users/ercan/Documents/Unreal Projects/Git/Ritimkosu/Content/SciFiWeapDark/Weapons/Darkness_Pistol_PhysicsAsset.uasset" 717
"../../../../../../Users/ercan/Documents/Unreal Projects/Git/Ritimkosu/Content/SciFiWeapDark/Weapons/Darkness_Pistol.uasset" 718
"../../../../../../Users/ercan/Documents/Unreal Projects/Git/Ritimkosu/Content/SciFiWeapDark/Weapons/Darkness_Knife_Skeleton.uasset" 719
"../../../../../../Users/ercan/Documents/Unreal Projects/Git/Ritimkosu/Content/SciFiWeapDark/Weapons/Materials/M_Knife_Inst.uasset" 720
"../../../../../../Users/ercan/Documents/Unreal Projects/Git/Ritimkosu/Content/SciFiWeapDark/Weapons/Darkness_Kinfe_PhysicsAsset.uasset" 721
"../../../../../../Users/ercan/Documents/Unreal Projects/Git/Ritimkosu/Content/SciFiWeapDark/Weapons/Darkness_Knife.uasset" 722
"../../../../../../Users/ercan/Documents/Unreal Projects/Git/Ritimkosu/Content/SciFiWeapDark/Weapons/Darkness_GrenadeLauncher_Ammo.uasset" 723
"../../../../../../Users/ercan/Documents/Unreal Projects/Git/Ritimkosu/Content/SciFiWeapDark/Weapons/Darkness_GrenadeLauncher_PhysicsAsset.uasset" 724
"../../../../../../Users/ercan/Documents/Unreal Projects/Git/Ritimkosu/Content/SciFiWeapDark/Weapons/Darkness_GrenadeLauncher.uasset" 725
"../../../../../../Users/ercan/Documents/Unreal Projects/Git/Ritimkosu/Content/SciFiWeapDark/Weapons/Darkness_AssaultRifle_Ammo.uasset" 726
"../../../../../../Users/ercan/Documents/Unreal Projects/Git/Ritimkosu/Content/SciFiWeapDark/Weapons/Darkness_AssaultRifle_PhysicsAsset.uasset" 727
"../../../../../../Users/ercan/Documents/Unreal Projects/Git/Ritimkosu/Content/SciFiWeapDark/Weapons/Darkness_AssaultRifle.uasset" 728
"../../../Engine/Content/EngineSky/T_Sky_Stars.uasset" 729
"../../../Engine/Content/EngineSky/T_Sky_Clouds_M.uasset" 730
"../../../Engine/Content/EngineSky/T_Sky_Blue.uasset" 731
"../../../Engine/Content/EngineSky/M_Sky_Panning_Clouds2.uasset" 732
"../../../Engine/Content/EngineSky/SM_SkySphere.uasset" 733
"../../../Engine/Content/TemplateResources/M_Template_Master.uasset" 734
"../../../Engine/Content/TemplateResources/MI_Template_BaseGray_03_Metal.uasset" 735
"../../../Engine/Content/EngineSky/C_Sky_Zenith_Color.uasset" 736
"../../../Engine/Content/EngineSky/C_Sky_Horizon_Color.uasset" 737
"../../../Engine/Content/EngineSky/C_Sky_Cloud_Color.uasset" 738
"../../../Engine/Content/EngineSky/BP_Sky_Sphere.uasset" 739
"../../../../../../Users/ercan/Documents/Unreal Projects/Git/Ritimkosu/Content/SciFiWeapDark/Weapons/Darkness_RocketLauncher_PhysicsAsset.uasset" 740
"../../../../../../Users/ercan/Documents/Unreal Projects/Git/Ritimkosu/Content/SciFiWeapDark/Weapons/Darkness_RocketLauncher.uasset" 741
"../../../../../../Users/ercan/Documents/Unreal Projects/Git/Ritimkosu/Content/SciFiWeapDark/Overview.umap" 742
"../../../Engine/Content/Maps/Entry_BuiltData.uasset" 743
"../../../Engine/Content/Maps/Entry.umap" 744
